ARM GAS  C:\Users\lovelesh\AppData\Local\Temp\ccc8qeOx.s 			page 1


   1              		.cpu cortex-m0
   2              		.fpu softvfp
   3              		.eabi_attribute 20, 1
   4              		.eabi_attribute 21, 1
   5              		.eabi_attribute 23, 3
   6              		.eabi_attribute 24, 1
   7              		.eabi_attribute 25, 1
   8              		.eabi_attribute 26, 1
   9              		.eabi_attribute 30, 6
  10              		.eabi_attribute 34, 0
  11              		.eabi_attribute 18, 4
  12              		.code	16
  13              		.file	"main.c"
  14              		.text
  15              	.Ltext0:
  16              		.cfi_sections	.debug_frame
  17              		.comm	curPos,2,2
  18              		.comm	oldPos,2,2
  19              		.comm	but0,2,2
  20              		.comm	but1,2,2
  21              		.comm	i2cReadBuffer,2,4
  22              		.comm	i2cWriteBuffer,2,4
  23              		.comm	data,8,4
  24              		.section	.rodata
  25              		.align	2
  26              	.LC3:
  27 0000 696E7369 		.ascii	"inside I2C_Slave_I2CSlaveStatus \012\000"
  27      64652049 
  27      32435F53 
  27      6C617665 
  27      5F493243 
  28 0022 0000     		.align	2
  29              	.LC5:
  30 0024 696E7369 		.ascii	"inside I2C_Slave_I2CSlaveGetWriteBufSize \012\000"
  30      64652049 
  30      32435F53 
  30      6C617665 
  30      5F493243 
  31 004f 00       		.align	2
  32              	.LC7:
  33 0050 6265666F 		.ascii	"before ExecuteCommand \012\000"
  33      72652045 
  33      78656375 
  33      7465436F 
  33      6D6D616E 
  34              		.section	.text.main,"ax",%progbits
  35              		.align	2
  36              		.global	main
  37              		.code	16
  38              		.thumb_func
  39              		.type	main, %function
  40              	main:
  41              	.LFB34:
  42              		.file 1 ".\\main.c"
   1:.\main.c      **** /*******************************************************************************
   2:.\main.c      **** * File Name: main.c
   3:.\main.c      **** *
ARM GAS  C:\Users\lovelesh\AppData\Local\Temp\ccc8qeOx.s 			page 2


   4:.\main.c      **** * Version: 1.30
   5:.\main.c      **** *
   6:.\main.c      **** * Description:
   7:.\main.c      **** *  The project explains the usage of CapSense CSD component. The 2 buttons and
   8:.\main.c      **** *  linear sliders are used as sensing elements. LED displays buttons active
   9:.\main.c      **** *  state and slider position is shown on LCD.
  10:.\main.c      **** *
  11:.\main.c      **** ********************************************************************************
  12:.\main.c      **** * Copyright 2013, Cypress Semiconductor Corporation. All rights reserved.
  13:.\main.c      **** * This software is owned by Cypress Semiconductor Corporation and is protected
  14:.\main.c      **** * by and subject to worldwide patent and copyright laws and treaties.
  15:.\main.c      **** * Therefore, you may use this software only as provided in the license agreement
  16:.\main.c      **** * accompanying the software package from which you obtained this software.
  17:.\main.c      **** * CYPRESS AND ITS SUPPLIERS MAKE NO WARRANTY OF ANY KIND, EXPRESS OR IMPLIED,
  18:.\main.c      **** * WITH REGARD TO THIS SOFTWARE, INCLUDING, BUT NOT LIMITED TO, NONINFRINGEMENT,
  19:.\main.c      **** * IMPLIED WARRANTIES OF MERCHANTABILITY AND FITNESS FOR A PARTICULAR PURPOSE.
  20:.\main.c      **** *******************************************************************************/
  21:.\main.c      **** 
  22:.\main.c      **** #include <main.h>
  23:.\main.c      **** 
  24:.\main.c      **** /* CapSense Slider resoluton is set to 127 (7 bits).
  25:.\main.c      **** *  Since PWM has 16 bit resolution, slider position value should be shifted left
  26:.\main.c      **** *  by 9 bits.
  27:.\main.c      **** */
  28:.\main.c      **** #define SLIDER_POS_TO_COMPARE_SHIFT    (9u)
  29:.\main.c      **** 
  30:.\main.c      **** void CapSense_DisplayState(void);
  31:.\main.c      **** void UpdateLeds(uint16);
  32:.\main.c      **** 
  33:.\main.c      **** uint16 curPos, oldPos, but0, but1;
  34:.\main.c      **** 
  35:.\main.c      **** /* I2C slave read and write buffers */
  36:.\main.c      **** //uint8 i2cReadBuffer [BUFFER_SIZE] = {PACKET_SOP, STS_CMD_FAIL, PACKET_EOP};
  37:.\main.c      **** uint8 i2cReadBuffer [2]; // we need to change this value according to our pwm buffer
  38:.\main.c      **** uint8 i2cWriteBuffer[BUFFER_SIZE];
  39:.\main.c      **** 
  40:.\main.c      **** // PWM Array defined - Amit
  41:.\main.c      **** // interupt pin no = P0.0
  42:.\main.c      **** struct masterData{
  43:.\main.c      ****     int pos;
  44:.\main.c      ****     int posData;
  45:.\main.c      **** };
  46:.\main.c      **** 
  47:.\main.c      **** struct masterData data;
  48:.\main.c      **** /*******************************************************************************
  49:.\main.c      **** * Function Name: main
  50:.\main.c      **** ********************************************************************************
  51:.\main.c      **** * Summary:
  52:.\main.c      **** *  Main function performs following functions:
  53:.\main.c      **** *   1. Enable global interrupts.
  54:.\main.c      **** *   2. Initialize CapSense CSD and Start the sensor scanning loop.
  55:.\main.c      **** *   3. Process scanning results and display it on with LEDs.
  56:.\main.c      **** *
  57:.\main.c      **** * Parameters:
  58:.\main.c      **** *  None
  59:.\main.c      **** *
  60:.\main.c      **** * Return:
ARM GAS  C:\Users\lovelesh\AppData\Local\Temp\ccc8qeOx.s 			page 3


  61:.\main.c      **** *  None
  62:.\main.c      **** *
  63:.\main.c      **** *******************************************************************************/
  64:.\main.c      **** int main()
  65:.\main.c      **** {
  43              		.loc 1 65 0
  44              		.cfi_startproc
  45 0000 90B5     		push	{r4, r7, lr}
  46              		.cfi_def_cfa_offset 12
  47              		.cfi_offset 4, -12
  48              		.cfi_offset 7, -8
  49              		.cfi_offset 14, -4
  50 0002 83B0     		sub	sp, sp, #12
  51              		.cfi_def_cfa_offset 24
  52 0004 00AF     		add	r7, sp, #0
  53              		.cfi_def_cfa_register 7
  66:.\main.c      ****    uint8 status = STS_CMD_FAIL;
  54              		.loc 1 66 0
  55 0006 FB1D     		add	r3, r7, #7
  56 0008 FF22     		mov	r2, #255
  57 000a 1A70     		strb	r2, [r3]
  67:.\main.c      ****     UART_Start();
  58              		.loc 1 67 0
  59 000c FFF7FEFF 		bl	UART_Start
  68:.\main.c      ****     /* Start I2C slave (SCB mode) */
  69:.\main.c      ****     I2C_Slave_I2CSlaveInitReadBuf(i2cReadBuffer,  2);
  60              		.loc 1 69 0
  61 0010 2B4B     		ldr	r3, .L7
  62 0012 181C     		mov	r0, r3
  63 0014 0221     		mov	r1, #2
  64 0016 FFF7FEFF 		bl	I2C_Slave_I2CSlaveInitReadBuf
  70:.\main.c      ****     I2C_Slave_I2CSlaveInitWriteBuf(i2cWriteBuffer, BUFFER_SIZE);
  65              		.loc 1 70 0
  66 001a 2A4B     		ldr	r3, .L7+4
  67 001c 181C     		mov	r0, r3
  68 001e 0221     		mov	r1, #2
  69 0020 FFF7FEFF 		bl	I2C_Slave_I2CSlaveInitWriteBuf
  71:.\main.c      ****     I2C_Slave_Start();
  70              		.loc 1 71 0
  71 0024 FFF7FEFF 		bl	I2C_Slave_Start
  72:.\main.c      ****     
  73:.\main.c      ****     /* Enable global interrupts */
  74:.\main.c      ****     CyGlobalIntEnable;
  72              		.loc 1 74 0
  73              	@ 74 ".\main.c" 1
  74 0028 62B6     		CPSIE   i
  75              	@ 0 "" 2
  75:.\main.c      **** 
  76:.\main.c      ****     /* Start PWM and CapSense components */
  77:.\main.c      ****     LED_CONTROL_Start();
  76              		.loc 1 77 0
  77              		.code	16
  78 002a FFF7FEFF 		bl	LED_CONTROL_Start
  78:.\main.c      **** 
  79:.\main.c      ****     CapSense_Start();
  79              		.loc 1 79 0
  80 002e FFF7FEFF 		bl	CapSense_Start
ARM GAS  C:\Users\lovelesh\AppData\Local\Temp\ccc8qeOx.s 			page 4


  80:.\main.c      **** 
  81:.\main.c      ****     /* Initialize baselines */
  82:.\main.c      ****     CapSense_InitializeAllBaselines();
  81              		.loc 1 82 0
  82 0032 FFF7FEFF 		bl	CapSense_InitializeAllBaselines
  83:.\main.c      ****     
  84:.\main.c      ****     // PWM Array initazlied with zero - Amit
  85:.\main.c      ****     data.pos = 0;
  83              		.loc 1 85 0
  84 0036 244B     		ldr	r3, .L7+8
  85 0038 0022     		mov	r2, #0
  86 003a 1A60     		str	r2, [r3]
  86:.\main.c      ****     data.posData = 0;
  87              		.loc 1 86 0
  88 003c 224B     		ldr	r3, .L7+8
  89 003e 0022     		mov	r2, #0
  90 0040 5A60     		str	r2, [r3, #4]
  91              	.L6:
  87:.\main.c      ****     //Capsense Loop
  88:.\main.c      ****     while(1u)
  89:.\main.c      ****     {
  90:.\main.c      ****  
  91:.\main.c      ****         /* Write complete: parse command packet */
  92:.\main.c      ****         if (0u != (I2C_Slave_I2CSlaveStatus() & I2C_Slave_I2C_SSTAT_WR_CMPLT))
  92              		.loc 1 92 0
  93 0042 FFF7FEFF 		bl	I2C_Slave_I2CSlaveStatus
  94 0046 021C     		mov	r2, r0
  95 0048 1023     		mov	r3, #16
  96 004a 1340     		and	r3, r2
  97 004c 22D0     		beq	.L2
  93:.\main.c      ****         {
  94:.\main.c      ****             UART_UartPutString("inside I2C_Slave_I2CSlaveStatus \n");
  98              		.loc 1 94 0
  99 004e 1F4B     		ldr	r3, .L7+12
 100 0050 181C     		mov	r0, r3
 101 0052 FFF7FEFF 		bl	UART_UartPutString
  95:.\main.c      ****             /* Check packet length */
  96:.\main.c      ****             //if (PACKET_SIZE == I2C_Slave_I2CSlaveGetWriteBufSize())
  97:.\main.c      ****             if (1u <= I2C_Slave_I2CSlaveGetWriteBufSize())
 102              		.loc 1 97 0
 103 0056 FFF7FEFF 		bl	I2C_Slave_I2CSlaveGetWriteBufSize
 104 005a 031E     		sub	r3, r0, #0
 105 005c 13D0     		beq	.L3
  98:.\main.c      ****             {
  99:.\main.c      ****                 UART_UartPutString("inside I2C_Slave_I2CSlaveGetWriteBufSize \n");
 106              		.loc 1 99 0
 107 005e 1C4B     		ldr	r3, .L7+16
 108 0060 181C     		mov	r0, r3
 109 0062 FFF7FEFF 		bl	UART_UartPutString
 100:.\main.c      ****                 /* Check start and end of packet markers */
 101:.\main.c      **** //                if ((i2cWriteBuffer[PACKET_SOP_POS] == PACKET_SOP) &&
 102:.\main.c      **** //                    (i2cWriteBuffer[PACKET_EOP_POS] == PACKET_EOP))
 103:.\main.c      ****                 {
 104:.\main.c      ****                     UART_UartPutString("before ExecuteCommand \n");
 110              		.loc 1 104 0
 111 0066 1B4B     		ldr	r3, .L7+20
 112 0068 181C     		mov	r0, r3
ARM GAS  C:\Users\lovelesh\AppData\Local\Temp\ccc8qeOx.s 			page 5


 113 006a FFF7FEFF 		bl	UART_UartPutString
 105:.\main.c      ****                     
 106:.\main.c      ****                         status = ExecuteCommand(i2cWriteBuffer[0], i2cWriteBuffer[1]);
 114              		.loc 1 106 0
 115 006e 154B     		ldr	r3, .L7+4
 116 0070 1B78     		ldrb	r3, [r3]
 117 0072 1A1C     		mov	r2, r3
 118 0074 134B     		ldr	r3, .L7+4
 119 0076 5B78     		ldrb	r3, [r3, #1]
 120 0078 FC1D     		add	r4, r7, #7
 121 007a 101C     		mov	r0, r2
 122 007c 191C     		mov	r1, r3
 123 007e FFF7FEFF 		bl	ExecuteCommand
 124 0082 031C     		mov	r3, r0
 125 0084 2370     		strb	r3, [r4]
 126              	.L3:
 107:.\main.c      ****                 }
 108:.\main.c      ****             }
 109:.\main.c      **** 
 110:.\main.c      ****             /* Clear slave write buffer and status */
 111:.\main.c      ****             I2C_Slave_I2CSlaveClearWriteBuf();
 127              		.loc 1 111 0
 128 0086 FFF7FEFF 		bl	I2C_Slave_I2CSlaveClearWriteBuf
 112:.\main.c      ****             (void) I2C_Slave_I2CSlaveClearWriteStatus();
 129              		.loc 1 112 0
 130 008a FFF7FEFF 		bl	I2C_Slave_I2CSlaveClearWriteStatus
 113:.\main.c      **** 
 114:.\main.c      ****             /* Update read buffer */
 115:.\main.c      **** //            i2cReadBuffer[PACKET_STS_POS] = status;
 116:.\main.c      ****             status = STS_CMD_FAIL;
 131              		.loc 1 116 0
 132 008e FB1D     		add	r3, r7, #7
 133 0090 FF22     		mov	r2, #255
 134 0092 1A70     		strb	r2, [r3]
 135              	.L2:
 117:.\main.c      ****         }
 118:.\main.c      **** 
 119:.\main.c      ****         /* Read complete: expose buffer to master */
 120:.\main.c      ****         if (0u != (I2C_Slave_I2CSlaveStatus() & I2C_Slave_I2C_SSTAT_RD_CMPLT))
 136              		.loc 1 120 0
 137 0094 FFF7FEFF 		bl	I2C_Slave_I2CSlaveStatus
 138 0098 021C     		mov	r2, r0
 139 009a 0123     		mov	r3, #1
 140 009c 1340     		and	r3, r2
 141 009e 03D0     		beq	.L4
 121:.\main.c      ****         {
 122:.\main.c      ****             /* Clear slave read buffer and status */
 123:.\main.c      ****             I2C_Slave_I2CSlaveClearReadBuf();
 142              		.loc 1 123 0
 143 00a0 FFF7FEFF 		bl	I2C_Slave_I2CSlaveClearReadBuf
 124:.\main.c      ****             (void) I2C_Slave_I2CSlaveClearReadStatus();
 144              		.loc 1 124 0
 145 00a4 FFF7FEFF 		bl	I2C_Slave_I2CSlaveClearReadStatus
 146              	.L4:
 125:.\main.c      ****         }
 126:.\main.c      ****         
 127:.\main.c      ****         /* Check whether the scanning of all enabled widgets is completed. */
ARM GAS  C:\Users\lovelesh\AppData\Local\Temp\ccc8qeOx.s 			page 6


 128:.\main.c      ****         if(0u == CapSense_IsBusy())
 147              		.loc 1 128 0
 148 00a8 FFF7FEFF 		bl	CapSense_IsBusy
 149 00ac 031E     		sub	r3, r0, #0
 150 00ae 03D1     		bne	.L5
 129:.\main.c      ****         {
 130:.\main.c      ****             /* Update all baselines */
 131:.\main.c      ****             CapSense_UpdateEnabledBaselines();
 151              		.loc 1 131 0
 152 00b0 FFF7FEFF 		bl	CapSense_UpdateEnabledBaselines
 132:.\main.c      **** 
 133:.\main.c      ****             /* Start scanning all enabled sensors */
 134:.\main.c      ****             CapSense_ScanEnabledWidgets();
 153              		.loc 1 134 0
 154 00b4 FFF7FEFF 		bl	CapSense_ScanEnabledWidgets
 155              	.L5:
 135:.\main.c      ****         }
 136:.\main.c      **** 
 137:.\main.c      ****         /* Display CapSense state using LEDs */
 138:.\main.c      ****         CapSense_DisplayState();
 156              		.loc 1 138 0
 157 00b8 FFF7FEFF 		bl	CapSense_DisplayState
 139:.\main.c      ****     }
 158              		.loc 1 139 0
 159 00bc C1E7     		b	.L6
 160              	.L8:
 161 00be C046     		.align	2
 162              	.L7:
 163 00c0 00000000 		.word	i2cReadBuffer
 164 00c4 00000000 		.word	i2cWriteBuffer
 165 00c8 00000000 		.word	data
 166 00cc 00000000 		.word	.LC3
 167 00d0 24000000 		.word	.LC5
 168 00d4 50000000 		.word	.LC7
 169              		.cfi_endproc
 170              	.LFE34:
 171              		.size	main, .-main
 172              		.section	.text.CapSense_DisplayState,"ax",%progbits
 173              		.align	2
 174              		.global	CapSense_DisplayState
 175              		.code	16
 176              		.thumb_func
 177              		.type	CapSense_DisplayState, %function
 178              	CapSense_DisplayState:
 179              	.LFB35:
 140:.\main.c      **** }
 141:.\main.c      **** 
 142:.\main.c      **** /*******************************************************************************
 143:.\main.c      **** * Function Name: CapSense_DisplayState
 144:.\main.c      **** ********************************************************************************
 145:.\main.c      **** * Summary:
 146:.\main.c      **** *  Changes LEDs brightness by changing the duty cycle of PWM signals.
 147:.\main.c      **** *
 148:.\main.c      **** * Parameters:
 149:.\main.c      **** *  None
 150:.\main.c      **** *
 151:.\main.c      **** * Return:
ARM GAS  C:\Users\lovelesh\AppData\Local\Temp\ccc8qeOx.s 			page 7


 152:.\main.c      **** *  None
 153:.\main.c      **** *
 154:.\main.c      **** *******************************************************************************/
 155:.\main.c      **** void CapSense_DisplayState(void)
 156:.\main.c      **** {
 180              		.loc 1 156 0
 181              		.cfi_startproc
 182 0000 80B5     		push	{r7, lr}
 183              		.cfi_def_cfa_offset 8
 184              		.cfi_offset 7, -8
 185              		.cfi_offset 14, -4
 186 0002 00AF     		add	r7, sp, #0
 187              		.cfi_def_cfa_register 7
 157:.\main.c      ****     /* Find Slider Position */
 158:.\main.c      ****     curPos = CapSense_GetCentroidPos(CapSense_LINEARSLIDER0__LS);
 188              		.loc 1 158 0
 189 0004 0020     		mov	r0, #0
 190 0006 FFF7FEFF 		bl	CapSense_GetCentroidPos
 191 000a 031C     		mov	r3, r0
 192 000c 1A1C     		mov	r2, r3
 193 000e 614B     		ldr	r3, .L15
 194 0010 1A80     		strh	r2, [r3]
 159:.\main.c      ****     but0 = CapSense_GetCentroidPos(CapSense_BUTTON0__BTN);
 195              		.loc 1 159 0
 196 0012 0120     		mov	r0, #1
 197 0014 FFF7FEFF 		bl	CapSense_GetCentroidPos
 198 0018 031C     		mov	r3, r0
 199 001a 1A1C     		mov	r2, r3
 200 001c 5E4B     		ldr	r3, .L15+4
 201 001e 1A80     		strh	r2, [r3]
 160:.\main.c      ****     if( but0 < 1000)
 202              		.loc 1 160 0
 203 0020 5D4B     		ldr	r3, .L15+4
 204 0022 1B88     		ldrh	r3, [r3]
 205 0024 5D4A     		ldr	r2, .L15+8
 206 0026 9342     		cmp	r3, r2
 207 0028 22D8     		bhi	.L10
 161:.\main.c      ****     {
 162:.\main.c      ****         LED_CONTROL_WriteCompare(32767);
 208              		.loc 1 162 0
 209 002a 5D4B     		ldr	r3, .L15+12
 210 002c 181C     		mov	r0, r3
 211 002e FFF7FEFF 		bl	LED_CONTROL_WriteCompare
 163:.\main.c      ****         //UpdateLeds(0xFFFF);
 164:.\main.c      ****         UpdateSwitchLeds(0xFFFF);
 212              		.loc 1 164 0
 213 0032 5C4B     		ldr	r3, .L15+16
 214 0034 181C     		mov	r0, r3
 215 0036 FFF7FEFF 		bl	UpdateSwitchLeds
 165:.\main.c      ****         
 166:.\main.c      ****         data.pos = 1;
 216              		.loc 1 166 0
 217 003a 5B4B     		ldr	r3, .L15+20
 218 003c 0122     		mov	r2, #1
 219 003e 1A60     		str	r2, [r3]
 167:.\main.c      ****         data.posData = 50;
 220              		.loc 1 167 0
ARM GAS  C:\Users\lovelesh\AppData\Local\Temp\ccc8qeOx.s 			page 8


 221 0040 594B     		ldr	r3, .L15+20
 222 0042 3222     		mov	r2, #50
 223 0044 5A60     		str	r2, [r3, #4]
 168:.\main.c      ****         
 169:.\main.c      ****         i2cReadBuffer[0] = data.pos;
 224              		.loc 1 169 0
 225 0046 584B     		ldr	r3, .L15+20
 226 0048 1B68     		ldr	r3, [r3]
 227 004a DAB2     		uxtb	r2, r3
 228 004c 574B     		ldr	r3, .L15+24
 229 004e 1A70     		strb	r2, [r3]
 170:.\main.c      ****         i2cReadBuffer[1] = data.posData;
 230              		.loc 1 170 0
 231 0050 554B     		ldr	r3, .L15+20
 232 0052 5B68     		ldr	r3, [r3, #4]
 233 0054 DAB2     		uxtb	r2, r3
 234 0056 554B     		ldr	r3, .L15+24
 235 0058 5A70     		strb	r2, [r3, #1]
 171:.\main.c      ****         
 172:.\main.c      ****         InterPin_Write(~InterPin_Read());
 236              		.loc 1 172 0
 237 005a FFF7FEFF 		bl	InterPin_Read
 238 005e 031C     		mov	r3, r0
 239 0060 DB43     		mvn	r3, r3
 240 0062 DBB2     		uxtb	r3, r3
 241 0064 181C     		mov	r0, r3
 242 0066 FFF7FEFF 		bl	InterPin_Write
 173:.\main.c      ****         //CyDelay(2000);
 174:.\main.c      ****         UpdateLeds(0x0000);
 243              		.loc 1 174 0
 244 006a 0020     		mov	r0, #0
 245 006c FFF7FEFF 		bl	UpdateLeds
 246              	.L10:
 175:.\main.c      ****     }
 176:.\main.c      ****     
 177:.\main.c      ****     but1 = CapSense_GetCentroidPos(CapSense_BUTTON1__BTN);
 247              		.loc 1 177 0
 248 0070 0220     		mov	r0, #2
 249 0072 FFF7FEFF 		bl	CapSense_GetCentroidPos
 250 0076 031C     		mov	r3, r0
 251 0078 1A1C     		mov	r2, r3
 252 007a 4D4B     		ldr	r3, .L15+28
 253 007c 1A80     		strh	r2, [r3]
 178:.\main.c      ****     if (but1 == 0)
 254              		.loc 1 178 0
 255 007e 4C4B     		ldr	r3, .L15+28
 256 0080 1B88     		ldrh	r3, [r3]
 257 0082 002B     		cmp	r3, #0
 258 0084 20D1     		bne	.L11
 179:.\main.c      ****     {
 180:.\main.c      ****         LED_CONTROL_WriteCompare(16383);
 259              		.loc 1 180 0
 260 0086 4B4B     		ldr	r3, .L15+32
 261 0088 181C     		mov	r0, r3
 262 008a FFF7FEFF 		bl	LED_CONTROL_WriteCompare
 181:.\main.c      ****         //UpdateLeds(0xFFFF);
 182:.\main.c      ****         UpdateSwitchLeds(0xFFFF);
ARM GAS  C:\Users\lovelesh\AppData\Local\Temp\ccc8qeOx.s 			page 9


 263              		.loc 1 182 0
 264 008e 454B     		ldr	r3, .L15+16
 265 0090 181C     		mov	r0, r3
 266 0092 FFF7FEFF 		bl	UpdateSwitchLeds
 183:.\main.c      ****         data.pos = 2;
 267              		.loc 1 183 0
 268 0096 444B     		ldr	r3, .L15+20
 269 0098 0222     		mov	r2, #2
 270 009a 1A60     		str	r2, [r3]
 184:.\main.c      ****         data.posData = 75;
 271              		.loc 1 184 0
 272 009c 424B     		ldr	r3, .L15+20
 273 009e 4B22     		mov	r2, #75
 274 00a0 5A60     		str	r2, [r3, #4]
 185:.\main.c      ****         i2cReadBuffer[0] = data.pos;
 275              		.loc 1 185 0
 276 00a2 414B     		ldr	r3, .L15+20
 277 00a4 1B68     		ldr	r3, [r3]
 278 00a6 DAB2     		uxtb	r2, r3
 279 00a8 404B     		ldr	r3, .L15+24
 280 00aa 1A70     		strb	r2, [r3]
 186:.\main.c      ****         i2cReadBuffer[1] = data.posData;
 281              		.loc 1 186 0
 282 00ac 3E4B     		ldr	r3, .L15+20
 283 00ae 5B68     		ldr	r3, [r3, #4]
 284 00b0 DAB2     		uxtb	r2, r3
 285 00b2 3E4B     		ldr	r3, .L15+24
 286 00b4 5A70     		strb	r2, [r3, #1]
 187:.\main.c      ****         
 188:.\main.c      ****         
 189:.\main.c      ****         InterPin_Write(~InterPin_Read());
 287              		.loc 1 189 0
 288 00b6 FFF7FEFF 		bl	InterPin_Read
 289 00ba 031C     		mov	r3, r0
 290 00bc DB43     		mvn	r3, r3
 291 00be DBB2     		uxtb	r3, r3
 292 00c0 181C     		mov	r0, r3
 293 00c2 FFF7FEFF 		bl	InterPin_Write
 294 00c6 28E0     		b	.L12
 295              	.L11:
 190:.\main.c      ****         //CyDelay(2000);
 191:.\main.c      **** //        UpdateLeds(0x0000);
 192:.\main.c      ****     }
 193:.\main.c      ****     else if(but1 > 0 && but1 <= 1024)
 296              		.loc 1 193 0
 297 00c8 394B     		ldr	r3, .L15+28
 298 00ca 1B88     		ldrh	r3, [r3]
 299 00cc 002B     		cmp	r3, #0
 300 00ce 24D0     		beq	.L12
 301              		.loc 1 193 0 is_stmt 0 discriminator 1
 302 00d0 374B     		ldr	r3, .L15+28
 303 00d2 1A88     		ldrh	r2, [r3]
 304 00d4 8023     		mov	r3, #128
 305 00d6 DB00     		lsl	r3, r3, #3
 306 00d8 9A42     		cmp	r2, r3
 307 00da 1ED8     		bhi	.L12
 194:.\main.c      ****     {
ARM GAS  C:\Users\lovelesh\AppData\Local\Temp\ccc8qeOx.s 			page 10


 195:.\main.c      ****         LED_CONTROL_WriteCompare(16383);
 308              		.loc 1 195 0 is_stmt 1
 309 00dc 354B     		ldr	r3, .L15+32
 310 00de 181C     		mov	r0, r3
 311 00e0 FFF7FEFF 		bl	LED_CONTROL_WriteCompare
 196:.\main.c      ****         //UpdateLeds(0xFFFF);
 197:.\main.c      ****         UpdateSwitchLeds(0x0000);
 312              		.loc 1 197 0
 313 00e4 0020     		mov	r0, #0
 314 00e6 FFF7FEFF 		bl	UpdateSwitchLeds
 198:.\main.c      ****         data.pos = 2;
 315              		.loc 1 198 0
 316 00ea 2F4B     		ldr	r3, .L15+20
 317 00ec 0222     		mov	r2, #2
 318 00ee 1A60     		str	r2, [r3]
 199:.\main.c      ****         data.posData = 75;
 319              		.loc 1 199 0
 320 00f0 2D4B     		ldr	r3, .L15+20
 321 00f2 4B22     		mov	r2, #75
 322 00f4 5A60     		str	r2, [r3, #4]
 200:.\main.c      ****         i2cReadBuffer[0] = data.pos;
 323              		.loc 1 200 0
 324 00f6 2C4B     		ldr	r3, .L15+20
 325 00f8 1B68     		ldr	r3, [r3]
 326 00fa DAB2     		uxtb	r2, r3
 327 00fc 2B4B     		ldr	r3, .L15+24
 328 00fe 1A70     		strb	r2, [r3]
 201:.\main.c      ****         i2cReadBuffer[1] = data.posData;
 329              		.loc 1 201 0
 330 0100 294B     		ldr	r3, .L15+20
 331 0102 5B68     		ldr	r3, [r3, #4]
 332 0104 DAB2     		uxtb	r2, r3
 333 0106 294B     		ldr	r3, .L15+24
 334 0108 5A70     		strb	r2, [r3, #1]
 202:.\main.c      ****         
 203:.\main.c      ****         
 204:.\main.c      ****         InterPin_Write(~InterPin_Read());
 335              		.loc 1 204 0
 336 010a FFF7FEFF 		bl	InterPin_Read
 337 010e 031C     		mov	r3, r0
 338 0110 DB43     		mvn	r3, r3
 339 0112 DBB2     		uxtb	r3, r3
 340 0114 181C     		mov	r0, r3
 341 0116 FFF7FEFF 		bl	InterPin_Write
 342              	.L12:
 205:.\main.c      ****         //CyDelay(2000);
 206:.\main.c      **** //        UpdateLeds(0x0000);
 207:.\main.c      ****     }
 208:.\main.c      ****     
 209:.\main.c      ****     /* Reset position */
 210:.\main.c      ****     if(curPos == 0xFFFFu)
 343              		.loc 1 210 0
 344 011a 1E4B     		ldr	r3, .L15
 345 011c 1B88     		ldrh	r3, [r3]
 346 011e 214A     		ldr	r2, .L15+16
 347 0120 9342     		cmp	r3, r2
 348 0122 02D1     		bne	.L13
ARM GAS  C:\Users\lovelesh\AppData\Local\Temp\ccc8qeOx.s 			page 11


 211:.\main.c      ****     {
 212:.\main.c      ****         curPos = 0u;
 349              		.loc 1 212 0
 350 0124 1B4B     		ldr	r3, .L15
 351 0126 0022     		mov	r2, #0
 352 0128 1A80     		strh	r2, [r3]
 353              	.L13:
 213:.\main.c      ****     }
 214:.\main.c      **** 
 215:.\main.c      ****     /* Move bargraph */
 216:.\main.c      ****     if (curPos != oldPos)
 354              		.loc 1 216 0
 355 012a 1A4B     		ldr	r3, .L15
 356 012c 1A88     		ldrh	r2, [r3]
 357 012e 224B     		ldr	r3, .L15+36
 358 0130 1B88     		ldrh	r3, [r3]
 359 0132 9A42     		cmp	r2, r3
 360 0134 2CD0     		beq	.L9
 217:.\main.c      ****     {
 218:.\main.c      ****         oldPos = curPos;
 361              		.loc 1 218 0
 362 0136 174B     		ldr	r3, .L15
 363 0138 1A88     		ldrh	r2, [r3]
 364 013a 1F4B     		ldr	r3, .L15+36
 365 013c 1A80     		strh	r2, [r3]
 219:.\main.c      ****         /* Display Slider bargraph */
 220:.\main.c      ****         if (curPos != 0u)
 366              		.loc 1 220 0
 367 013e 154B     		ldr	r3, .L15
 368 0140 1B88     		ldrh	r3, [r3]
 369 0142 002B     		cmp	r3, #0
 370 0144 24D0     		beq	.L9
 221:.\main.c      ****         {
 222:.\main.c      ****             LED_CONTROL_WriteCompare((uint32)curPos << SLIDER_POS_TO_COMPARE_SHIFT);
 371              		.loc 1 222 0
 372 0146 134B     		ldr	r3, .L15
 373 0148 1B88     		ldrh	r3, [r3]
 374 014a 5B02     		lsl	r3, r3, #9
 375 014c 181C     		mov	r0, r3
 376 014e FFF7FEFF 		bl	LED_CONTROL_WriteCompare
 223:.\main.c      ****             data.pos = 0;
 377              		.loc 1 223 0
 378 0152 154B     		ldr	r3, .L15+20
 379 0154 0022     		mov	r2, #0
 380 0156 1A60     		str	r2, [r3]
 224:.\main.c      ****             data.posData = curPos;
 381              		.loc 1 224 0
 382 0158 0E4B     		ldr	r3, .L15
 383 015a 1B88     		ldrh	r3, [r3]
 384 015c 1A1C     		mov	r2, r3
 385 015e 124B     		ldr	r3, .L15+20
 386 0160 5A60     		str	r2, [r3, #4]
 225:.\main.c      ****            
 226:.\main.c      ****             i2cReadBuffer[0] = data.pos;
 387              		.loc 1 226 0
 388 0162 114B     		ldr	r3, .L15+20
 389 0164 1B68     		ldr	r3, [r3]
ARM GAS  C:\Users\lovelesh\AppData\Local\Temp\ccc8qeOx.s 			page 12


 390 0166 DAB2     		uxtb	r2, r3
 391 0168 104B     		ldr	r3, .L15+24
 392 016a 1A70     		strb	r2, [r3]
 227:.\main.c      ****             i2cReadBuffer[1] = data.posData;
 393              		.loc 1 227 0
 394 016c 0E4B     		ldr	r3, .L15+20
 395 016e 5B68     		ldr	r3, [r3, #4]
 396 0170 DAB2     		uxtb	r2, r3
 397 0172 0E4B     		ldr	r3, .L15+24
 398 0174 5A70     		strb	r2, [r3, #1]
 228:.\main.c      ****             InterPin_Write(~InterPin_Read());
 399              		.loc 1 228 0
 400 0176 FFF7FEFF 		bl	InterPin_Read
 401 017a 031C     		mov	r3, r0
 402 017c DB43     		mvn	r3, r3
 403 017e DBB2     		uxtb	r3, r3
 404 0180 181C     		mov	r0, r3
 405 0182 FFF7FEFF 		bl	InterPin_Write
 229:.\main.c      ****             UpdateLeds(curPos);
 406              		.loc 1 229 0
 407 0186 034B     		ldr	r3, .L15
 408 0188 1B88     		ldrh	r3, [r3]
 409 018a 181C     		mov	r0, r3
 410 018c FFF7FEFF 		bl	UpdateLeds
 411              	.L9:
 230:.\main.c      ****         }
 231:.\main.c      ****     }
 232:.\main.c      **** }
 412              		.loc 1 232 0
 413 0190 BD46     		mov	sp, r7
 414              		@ sp needed
 415 0192 80BD     		pop	{r7, pc}
 416              	.L16:
 417              		.align	2
 418              	.L15:
 419 0194 00000000 		.word	curPos
 420 0198 00000000 		.word	but0
 421 019c E7030000 		.word	999
 422 01a0 FF7F0000 		.word	32767
 423 01a4 FFFF0000 		.word	65535
 424 01a8 00000000 		.word	data
 425 01ac 00000000 		.word	i2cReadBuffer
 426 01b0 00000000 		.word	but1
 427 01b4 FF3F0000 		.word	16383
 428 01b8 00000000 		.word	oldPos
 429              		.cfi_endproc
 430              	.LFE35:
 431              		.size	CapSense_DisplayState, .-CapSense_DisplayState
 432              		.section	.rodata
 433              		.align	2
 434              	.LC15:
 435 0068 696E2045 		.ascii	"in ExecuteCommand \012\000"
 435      78656375 
 435      7465436F 
 435      6D6D616E 
 435      64200A00 
 436              		.align	2
ARM GAS  C:\Users\lovelesh\AppData\Local\Temp\ccc8qeOx.s 			page 13


 437              	.LC18:
 438 007c 696E2045 		.ascii	"in ExecuteCommand :: FAN1\012\000"
 438      78656375 
 438      7465436F 
 438      6D6D616E 
 438      64203A3A 
 439 0097 00       		.align	2
 440              	.LC20:
 441 0098 696E2045 		.ascii	"in ExecuteCommand :: FAN2\012\000"
 441      78656375 
 441      7465436F 
 441      6D6D616E 
 441      64203A3A 
 442 00b3 00       		.align	2
 443              	.LC22:
 444 00b4 696E2045 		.ascii	"in ExecuteCommand :: SWITCH1\012\000"
 444      78656375 
 444      7465436F 
 444      6D6D616E 
 444      64203A3A 
 445 00d2 0000     		.align	2
 446              	.LC24:
 447 00d4 696E2045 		.ascii	"in ExecuteCommand :: SWITCH2\012\000"
 447      78656375 
 447      7465436F 
 447      6D6D616E 
 447      64203A3A 
 448 00f2 0000     		.align	2
 449              	.LC26:
 450 00f4 696E2045 		.ascii	"in ExecuteCommand :: SWITCH3\012\000"
 450      78656375 
 450      7465436F 
 450      6D6D616E 
 450      64203A3A 
 451 0112 0000     		.align	2
 452              	.LC28:
 453 0114 696E2045 		.ascii	"in ExecuteCommand :: SWITCH4\012\000"
 453      78656375 
 453      7465436F 
 453      6D6D616E 
 453      64203A3A 
 454 0132 0000     		.align	2
 455              	.LC30:
 456 0134 696E2045 		.ascii	"in ExecuteCommand :: SWITCH5\012\000"
 456      78656375 
 456      7465436F 
 456      6D6D616E 
 456      64203A3A 
 457 0152 0000     		.align	2
 458              	.LC32:
 459 0154 696E2045 		.ascii	"in ExecuteCommand :: SOCKET1\012\000"
 459      78656375 
 459      7465436F 
 459      6D6D616E 
 459      64203A3A 
 460 0172 0000     		.align	2
 461              	.LC34:
ARM GAS  C:\Users\lovelesh\AppData\Local\Temp\ccc8qeOx.s 			page 14


 462 0174 696E2045 		.ascii	"in ExecuteCommand :: default\012\000"
 462      78656375 
 462      7465436F 
 462      6D6D616E 
 462      64203A3A 
 463              		.section	.text.ExecuteCommand,"ax",%progbits
 464              		.align	2
 465              		.global	ExecuteCommand
 466              		.code	16
 467              		.thumb_func
 468              		.type	ExecuteCommand, %function
 469              	ExecuteCommand:
 470              	.LFB36:
 233:.\main.c      **** 
 234:.\main.c      **** /*******************************************************************************
 235:.\main.c      **** * Function Name: ExecuteCommand
 236:.\main.c      **** ********************************************************************************
 237:.\main.c      **** * Summary:
 238:.\main.c      **** *  Executes received command to control the LED color and returns status.
 239:.\main.c      **** *  If the command is unknown, the LED color is not changed.
 240:.\main.c      **** *
 241:.\main.c      **** * Parameters:
 242:.\main.c      **** *  cmd: command to execute. Available commands:
 243:.\main.c      **** *   - CMD_SET_RED:   set red color of the LED.
 244:.\main.c      **** *   - CMD_SET_GREEN: set green color of the LED.
 245:.\main.c      **** *   - CMD_SET_BLUE:  set blue color of the LED.
 246:.\main.c      **** *   - CMD_SET_OFF:   turn off the LED.
 247:.\main.c      **** *
 248:.\main.c      **** * Return:
 249:.\main.c      **** *  Returns status of command execution. There are two statuses
 250:.\main.c      **** *  - STS_CMD_DONE: command is executed successfully.
 251:.\main.c      **** *  - STS_CMD_FAIL: unknown command
 252:.\main.c      **** *
 253:.\main.c      **** *******************************************************************************/
 254:.\main.c      **** uint8 ExecuteCommand(uint32 cmd, uint32 value)
 255:.\main.c      **** {
 471              		.loc 1 255 0
 472              		.cfi_startproc
 473 0000 80B5     		push	{r7, lr}
 474              		.cfi_def_cfa_offset 8
 475              		.cfi_offset 7, -8
 476              		.cfi_offset 14, -4
 477 0002 84B0     		sub	sp, sp, #16
 478              		.cfi_def_cfa_offset 24
 479 0004 00AF     		add	r7, sp, #0
 480              		.cfi_def_cfa_register 7
 481 0006 7860     		str	r0, [r7, #4]
 482 0008 3960     		str	r1, [r7]
 256:.\main.c      ****     UART_UartPutString("in ExecuteCommand \n");
 483              		.loc 1 256 0
 484 000a 384B     		ldr	r3, .L30
 485 000c 181C     		mov	r0, r3
 486 000e FFF7FEFF 		bl	UART_UartPutString
 257:.\main.c      ****     uint8 status;
 258:.\main.c      ****     status = STS_CMD_DONE;
 487              		.loc 1 258 0
 488 0012 0F23     		mov	r3, #15
ARM GAS  C:\Users\lovelesh\AppData\Local\Temp\ccc8qeOx.s 			page 15


 489 0014 FB18     		add	r3, r7, r3
 490 0016 0022     		mov	r2, #0
 491 0018 1A70     		strb	r2, [r3]
 259:.\main.c      **** 
 260:.\main.c      ****     /* Execute received command */
 261:.\main.c      ****     switch (cmd)
 492              		.loc 1 261 0
 493 001a 7B68     		ldr	r3, [r7, #4]
 494 001c 072B     		cmp	r3, #7
 495 001e 55D8     		bhi	.L18
 496 0020 7B68     		ldr	r3, [r7, #4]
 497 0022 9A00     		lsl	r2, r3, #2
 498 0024 324B     		ldr	r3, .L30+4
 499 0026 D318     		add	r3, r2, r3
 500 0028 1B68     		ldr	r3, [r3]
 501 002a 9F46     		mov	pc, r3
 502              		.section	.rodata
 503 0192 0000     		.align	2
 504              	.L20:
 505 0194 2C000000 		.word	.L19
 506 0198 40000000 		.word	.L21
 507 019c 54000000 		.word	.L22
 508 01a0 68000000 		.word	.L23
 509 01a4 7C000000 		.word	.L24
 510 01a8 90000000 		.word	.L25
 511 01ac A4000000 		.word	.L26
 512 01b0 B8000000 		.word	.L27
 513              		.section	.text.ExecuteCommand
 514              	.L19:
 262:.\main.c      ****     {
 263:.\main.c      ****         case FAN1:
 264:.\main.c      ****             UART_UartPutString("in ExecuteCommand :: FAN1\n");
 515              		.loc 1 264 0
 516 002c 314B     		ldr	r3, .L30+8
 517 002e 181C     		mov	r0, r3
 518 0030 FFF7FEFF 		bl	UART_UartPutString
 265:.\main.c      ****             UpdateLeds(value);
 519              		.loc 1 265 0
 520 0034 3B68     		ldr	r3, [r7]
 521 0036 9BB2     		uxth	r3, r3
 522 0038 181C     		mov	r0, r3
 523 003a FFF7FEFF 		bl	UpdateLeds
 266:.\main.c      ****             break;
 524              		.loc 1 266 0
 525 003e 4EE0     		b	.L28
 526              	.L21:
 267:.\main.c      ****         case FAN2:
 268:.\main.c      ****             UART_UartPutString("in ExecuteCommand :: FAN2\n");
 527              		.loc 1 268 0
 528 0040 2D4B     		ldr	r3, .L30+12
 529 0042 181C     		mov	r0, r3
 530 0044 FFF7FEFF 		bl	UART_UartPutString
 269:.\main.c      ****             UpdateLeds(value);
 531              		.loc 1 269 0
 532 0048 3B68     		ldr	r3, [r7]
 533 004a 9BB2     		uxth	r3, r3
 534 004c 181C     		mov	r0, r3
ARM GAS  C:\Users\lovelesh\AppData\Local\Temp\ccc8qeOx.s 			page 16


 535 004e FFF7FEFF 		bl	UpdateLeds
 270:.\main.c      ****             break;
 536              		.loc 1 270 0
 537 0052 44E0     		b	.L28
 538              	.L22:
 271:.\main.c      ****         case SWITCH1:
 272:.\main.c      ****             UART_UartPutString("in ExecuteCommand :: SWITCH1\n");
 539              		.loc 1 272 0
 540 0054 294B     		ldr	r3, .L30+16
 541 0056 181C     		mov	r0, r3
 542 0058 FFF7FEFF 		bl	UART_UartPutString
 273:.\main.c      ****             UpdateLeds(value);
 543              		.loc 1 273 0
 544 005c 3B68     		ldr	r3, [r7]
 545 005e 9BB2     		uxth	r3, r3
 546 0060 181C     		mov	r0, r3
 547 0062 FFF7FEFF 		bl	UpdateLeds
 274:.\main.c      ****             break;
 548              		.loc 1 274 0
 549 0066 3AE0     		b	.L28
 550              	.L23:
 275:.\main.c      ****         case SWITCH2:
 276:.\main.c      ****             UART_UartPutString("in ExecuteCommand :: SWITCH2\n");
 551              		.loc 1 276 0
 552 0068 254B     		ldr	r3, .L30+20
 553 006a 181C     		mov	r0, r3
 554 006c FFF7FEFF 		bl	UART_UartPutString
 277:.\main.c      ****             UpdateLeds(value);
 555              		.loc 1 277 0
 556 0070 3B68     		ldr	r3, [r7]
 557 0072 9BB2     		uxth	r3, r3
 558 0074 181C     		mov	r0, r3
 559 0076 FFF7FEFF 		bl	UpdateLeds
 278:.\main.c      ****             break;
 560              		.loc 1 278 0
 561 007a 30E0     		b	.L28
 562              	.L24:
 279:.\main.c      ****         case SWITCH3:
 280:.\main.c      ****             UART_UartPutString("in ExecuteCommand :: SWITCH3\n");
 563              		.loc 1 280 0
 564 007c 214B     		ldr	r3, .L30+24
 565 007e 181C     		mov	r0, r3
 566 0080 FFF7FEFF 		bl	UART_UartPutString
 281:.\main.c      ****             UpdateLeds(value);
 567              		.loc 1 281 0
 568 0084 3B68     		ldr	r3, [r7]
 569 0086 9BB2     		uxth	r3, r3
 570 0088 181C     		mov	r0, r3
 571 008a FFF7FEFF 		bl	UpdateLeds
 282:.\main.c      ****             break;
 572              		.loc 1 282 0
 573 008e 26E0     		b	.L28
 574              	.L25:
 283:.\main.c      ****         case SWITCH4:
 284:.\main.c      ****             UART_UartPutString("in ExecuteCommand :: SWITCH4\n");
 575              		.loc 1 284 0
 576 0090 1D4B     		ldr	r3, .L30+28
ARM GAS  C:\Users\lovelesh\AppData\Local\Temp\ccc8qeOx.s 			page 17


 577 0092 181C     		mov	r0, r3
 578 0094 FFF7FEFF 		bl	UART_UartPutString
 285:.\main.c      ****             UpdateLeds(value);
 579              		.loc 1 285 0
 580 0098 3B68     		ldr	r3, [r7]
 581 009a 9BB2     		uxth	r3, r3
 582 009c 181C     		mov	r0, r3
 583 009e FFF7FEFF 		bl	UpdateLeds
 286:.\main.c      ****             break;
 584              		.loc 1 286 0
 585 00a2 1CE0     		b	.L28
 586              	.L26:
 287:.\main.c      ****         case SWITCH5:
 288:.\main.c      ****             UART_UartPutString("in ExecuteCommand :: SWITCH5\n");
 587              		.loc 1 288 0
 588 00a4 194B     		ldr	r3, .L30+32
 589 00a6 181C     		mov	r0, r3
 590 00a8 FFF7FEFF 		bl	UART_UartPutString
 289:.\main.c      ****             UpdateLeds(value);
 591              		.loc 1 289 0
 592 00ac 3B68     		ldr	r3, [r7]
 593 00ae 9BB2     		uxth	r3, r3
 594 00b0 181C     		mov	r0, r3
 595 00b2 FFF7FEFF 		bl	UpdateLeds
 290:.\main.c      ****             break;
 596              		.loc 1 290 0
 597 00b6 12E0     		b	.L28
 598              	.L27:
 291:.\main.c      ****         case SOCKET1:
 292:.\main.c      ****             UART_UartPutString("in ExecuteCommand :: SOCKET1\n");
 599              		.loc 1 292 0
 600 00b8 154B     		ldr	r3, .L30+36
 601 00ba 181C     		mov	r0, r3
 602 00bc FFF7FEFF 		bl	UART_UartPutString
 293:.\main.c      ****             UpdateLeds(value);
 603              		.loc 1 293 0
 604 00c0 3B68     		ldr	r3, [r7]
 605 00c2 9BB2     		uxth	r3, r3
 606 00c4 181C     		mov	r0, r3
 607 00c6 FFF7FEFF 		bl	UpdateLeds
 294:.\main.c      ****             break;
 608              		.loc 1 294 0
 609 00ca 08E0     		b	.L28
 610              	.L18:
 295:.\main.c      ****         default:
 296:.\main.c      ****             UART_UartPutString("in ExecuteCommand :: default\n");
 611              		.loc 1 296 0
 612 00cc 114B     		ldr	r3, .L30+40
 613 00ce 181C     		mov	r0, r3
 614 00d0 FFF7FEFF 		bl	UART_UartPutString
 297:.\main.c      ****             status = STS_CMD_FAIL;
 615              		.loc 1 297 0
 616 00d4 0F23     		mov	r3, #15
 617 00d6 FB18     		add	r3, r7, r3
 618 00d8 FF22     		mov	r2, #255
 619 00da 1A70     		strb	r2, [r3]
 298:.\main.c      ****             break;
ARM GAS  C:\Users\lovelesh\AppData\Local\Temp\ccc8qeOx.s 			page 18


 620              		.loc 1 298 0
 621 00dc C046     		mov	r8, r8
 622              	.L28:
 299:.\main.c      ****     }
 300:.\main.c      **** 
 301:.\main.c      ****     return (status);
 623              		.loc 1 301 0
 624 00de 0F23     		mov	r3, #15
 625 00e0 FB18     		add	r3, r7, r3
 626 00e2 1B78     		ldrb	r3, [r3]
 302:.\main.c      **** }
 627              		.loc 1 302 0
 628 00e4 181C     		mov	r0, r3
 629 00e6 BD46     		mov	sp, r7
 630 00e8 04B0     		add	sp, sp, #16
 631              		@ sp needed
 632 00ea 80BD     		pop	{r7, pc}
 633              	.L31:
 634              		.align	2
 635              	.L30:
 636 00ec 68000000 		.word	.LC15
 637 00f0 94010000 		.word	.L20
 638 00f4 7C000000 		.word	.LC18
 639 00f8 98000000 		.word	.LC20
 640 00fc B4000000 		.word	.LC22
 641 0100 D4000000 		.word	.LC24
 642 0104 F4000000 		.word	.LC26
 643 0108 14010000 		.word	.LC28
 644 010c 34010000 		.word	.LC30
 645 0110 54010000 		.word	.LC32
 646 0114 74010000 		.word	.LC34
 647              		.cfi_endproc
 648              	.LFE36:
 649              		.size	ExecuteCommand, .-ExecuteCommand
 650              		.section	.rodata
 651              		.align	2
 652              	.LC36:
 653 01b4 696E2055 		.ascii	"in UpdateSwitchLeds\012\000"
 653      70646174 
 653      65537769 
 653      7463684C 
 653      6564730A 
 654              		.section	.text.UpdateSwitchLeds,"ax",%progbits
 655              		.align	2
 656              		.global	UpdateSwitchLeds
 657              		.code	16
 658              		.thumb_func
 659              		.type	UpdateSwitchLeds, %function
 660              	UpdateSwitchLeds:
 661              	.LFB37:
 303:.\main.c      **** void UpdateSwitchLeds(uint16 curPos)
 304:.\main.c      **** {
 662              		.loc 1 304 0
 663              		.cfi_startproc
 664 0000 80B5     		push	{r7, lr}
 665              		.cfi_def_cfa_offset 8
 666              		.cfi_offset 7, -8
ARM GAS  C:\Users\lovelesh\AppData\Local\Temp\ccc8qeOx.s 			page 19


 667              		.cfi_offset 14, -4
 668 0002 82B0     		sub	sp, sp, #8
 669              		.cfi_def_cfa_offset 16
 670 0004 00AF     		add	r7, sp, #0
 671              		.cfi_def_cfa_register 7
 672 0006 021C     		mov	r2, r0
 673 0008 BB1D     		add	r3, r7, #6
 674 000a 1A80     		strh	r2, [r3]
 305:.\main.c      ****     /* Turn of all LEDs first */
 306:.\main.c      ****     LED6_Write(0);
 675              		.loc 1 306 0
 676 000c 0020     		mov	r0, #0
 677 000e FFF7FEFF 		bl	LED6_Write
 307:.\main.c      ****     LED7_Write(0);
 678              		.loc 1 307 0
 679 0012 0020     		mov	r0, #0
 680 0014 FFF7FEFF 		bl	LED7_Write
 308:.\main.c      ****     UART_UartPutString("in UpdateSwitchLeds\n");
 681              		.loc 1 308 0
 682 0018 114B     		ldr	r3, .L35
 683 001a 181C     		mov	r0, r3
 684 001c FFF7FEFF 		bl	UART_UartPutString
 309:.\main.c      ****     static uint8 flag = 0;
 310:.\main.c      ****     if(curPos == 0xFFFF && flag == 0)
 685              		.loc 1 310 0
 686 0020 BB1D     		add	r3, r7, #6
 687 0022 1B88     		ldrh	r3, [r3]
 688 0024 0F4A     		ldr	r2, .L35+4
 689 0026 9342     		cmp	r3, r2
 690 0028 0DD1     		bne	.L33
 691              		.loc 1 310 0 is_stmt 0 discriminator 1
 692 002a 0F4B     		ldr	r3, .L35+8
 693 002c 1B78     		ldrb	r3, [r3]
 694 002e 002B     		cmp	r3, #0
 695 0030 09D1     		bne	.L33
 311:.\main.c      ****     {
 312:.\main.c      ****         LED6_Write(1);
 696              		.loc 1 312 0 is_stmt 1
 697 0032 0120     		mov	r0, #1
 698 0034 FFF7FEFF 		bl	LED6_Write
 313:.\main.c      ****         LED7_Write(1);
 699              		.loc 1 313 0
 700 0038 0120     		mov	r0, #1
 701 003a FFF7FEFF 		bl	LED7_Write
 314:.\main.c      ****         flag = 1;
 702              		.loc 1 314 0
 703 003e 0A4B     		ldr	r3, .L35+8
 704 0040 0122     		mov	r2, #1
 705 0042 1A70     		strb	r2, [r3]
 706 0044 08E0     		b	.L32
 707              	.L33:
 315:.\main.c      ****     }
 316:.\main.c      ****     else
 317:.\main.c      ****     {
 318:.\main.c      ****         LED6_Write(0);
 708              		.loc 1 318 0
 709 0046 0020     		mov	r0, #0
ARM GAS  C:\Users\lovelesh\AppData\Local\Temp\ccc8qeOx.s 			page 20


 710 0048 FFF7FEFF 		bl	LED6_Write
 319:.\main.c      ****         LED7_Write(0);
 711              		.loc 1 319 0
 712 004c 0020     		mov	r0, #0
 713 004e FFF7FEFF 		bl	LED7_Write
 320:.\main.c      ****         flag = 0;
 714              		.loc 1 320 0
 715 0052 054B     		ldr	r3, .L35+8
 716 0054 0022     		mov	r2, #0
 717 0056 1A70     		strb	r2, [r3]
 718              	.L32:
 321:.\main.c      ****     }
 322:.\main.c      **** }
 719              		.loc 1 322 0
 720 0058 BD46     		mov	sp, r7
 721 005a 02B0     		add	sp, sp, #8
 722              		@ sp needed
 723 005c 80BD     		pop	{r7, pc}
 724              	.L36:
 725 005e C046     		.align	2
 726              	.L35:
 727 0060 B4010000 		.word	.LC36
 728 0064 FFFF0000 		.word	65535
 729 0068 00000000 		.word	flag.5998
 730              		.cfi_endproc
 731              	.LFE37:
 732              		.size	UpdateSwitchLeds, .-UpdateSwitchLeds
 733              		.section	.rodata
 734 01c9 000000   		.align	2
 735              	.LC39:
 736 01cc 696E2055 		.ascii	"in UpdateLeds\012\000"
 736      70646174 
 736      654C6564 
 736      730A00
 737 01db 00       		.align	2
 738              	.LC41:
 739 01dc 696E2055 		.ascii	"in UpdateLeds :: range 0-10\012\000"
 739      70646174 
 739      654C6564 
 739      73203A3A 
 739      2072616E 
 740 01f9 000000   		.align	2
 741              	.LC43:
 742 01fc 696E2055 		.ascii	"in UpdateLeds :: range >20\012\000"
 742      70646174 
 742      654C6564 
 742      73203A3A 
 742      2072616E 
 743              		.align	2
 744              	.LC45:
 745 0218 696E2055 		.ascii	"in UpdateLeds :: range >40\012\000"
 745      70646174 
 745      654C6564 
 745      73203A3A 
 745      2072616E 
 746              		.align	2
 747              	.LC47:
ARM GAS  C:\Users\lovelesh\AppData\Local\Temp\ccc8qeOx.s 			page 21


 748 0234 696E2055 		.ascii	"in UpdateLeds :: range > 60\012\000"
 748      70646174 
 748      654C6564 
 748      73203A3A 
 748      2072616E 
 749 0251 000000   		.align	2
 750              	.LC49:
 751 0254 696E2055 		.ascii	"in UpdateLeds :: range > 80\012\000"
 751      70646174 
 751      654C6564 
 751      73203A3A 
 751      2072616E 
 752 0271 000000   		.section	.text.UpdateLeds,"ax",%progbits
 753              		.align	2
 754              		.global	UpdateLeds
 755              		.code	16
 756              		.thumb_func
 757              		.type	UpdateLeds, %function
 758              	UpdateLeds:
 759              	.LFB38:
 323:.\main.c      **** void UpdateLeds(uint16 curPos)
 324:.\main.c      **** {
 760              		.loc 1 324 0
 761              		.cfi_startproc
 762 0000 80B5     		push	{r7, lr}
 763              		.cfi_def_cfa_offset 8
 764              		.cfi_offset 7, -8
 765              		.cfi_offset 14, -4
 766 0002 82B0     		sub	sp, sp, #8
 767              		.cfi_def_cfa_offset 16
 768 0004 00AF     		add	r7, sp, #0
 769              		.cfi_def_cfa_register 7
 770 0006 021C     		mov	r2, r0
 771 0008 BB1D     		add	r3, r7, #6
 772 000a 1A80     		strh	r2, [r3]
 325:.\main.c      ****     /* Turn of all LEDs first */
 326:.\main.c      ****     LED1_Write(0);
 773              		.loc 1 326 0
 774 000c 0020     		mov	r0, #0
 775 000e FFF7FEFF 		bl	LED1_Write
 327:.\main.c      ****     LED2_Write(0);
 776              		.loc 1 327 0
 777 0012 0020     		mov	r0, #0
 778 0014 FFF7FEFF 		bl	LED2_Write
 328:.\main.c      ****     LED3_Write(0);
 779              		.loc 1 328 0
 780 0018 0020     		mov	r0, #0
 781 001a FFF7FEFF 		bl	LED3_Write
 329:.\main.c      ****     LED4_Write(0);
 782              		.loc 1 329 0
 783 001e 0020     		mov	r0, #0
 784 0020 FFF7FEFF 		bl	LED4_Write
 330:.\main.c      ****     LED5_Write(0);
 785              		.loc 1 330 0
 786 0024 0020     		mov	r0, #0
 787 0026 FFF7FEFF 		bl	LED5_Write
 331:.\main.c      ****     UART_UartPutString("in UpdateLeds\n");
ARM GAS  C:\Users\lovelesh\AppData\Local\Temp\ccc8qeOx.s 			page 22


 788              		.loc 1 331 0
 789 002a 214B     		ldr	r3, .L44
 790 002c 181C     		mov	r0, r3
 791 002e FFF7FEFF 		bl	UART_UartPutString
 332:.\main.c      ****        
 333:.\main.c      ****     if (curPos > 10 || curPos <= 10)
 792              		.loc 1 333 0
 793 0032 BB1D     		add	r3, r7, #6
 794 0034 1B88     		ldrh	r3, [r3]
 795 0036 0A2B     		cmp	r3, #10
 796 0038 03D8     		bhi	.L38
 797              		.loc 1 333 0 is_stmt 0 discriminator 1
 798 003a BB1D     		add	r3, r7, #6
 799 003c 1B88     		ldrh	r3, [r3]
 800 003e 0A2B     		cmp	r3, #10
 801 0040 06D8     		bhi	.L39
 802              	.L38:
 334:.\main.c      ****     {
 335:.\main.c      ****         UART_UartPutString("in UpdateLeds :: range 0-10\n");
 803              		.loc 1 335 0 is_stmt 1
 804 0042 1C4B     		ldr	r3, .L44+4
 805 0044 181C     		mov	r0, r3
 806 0046 FFF7FEFF 		bl	UART_UartPutString
 336:.\main.c      ****         LED1_Write(1);
 807              		.loc 1 336 0
 808 004a 0120     		mov	r0, #1
 809 004c FFF7FEFF 		bl	LED1_Write
 810              	.L39:
 337:.\main.c      ****     }
 338:.\main.c      ****     
 339:.\main.c      ****     if (curPos > 20)
 811              		.loc 1 339 0
 812 0050 BB1D     		add	r3, r7, #6
 813 0052 1B88     		ldrh	r3, [r3]
 814 0054 142B     		cmp	r3, #20
 815 0056 06D9     		bls	.L40
 340:.\main.c      ****     {
 341:.\main.c      ****         UART_UartPutString("in UpdateLeds :: range >20\n");
 816              		.loc 1 341 0
 817 0058 174B     		ldr	r3, .L44+8
 818 005a 181C     		mov	r0, r3
 819 005c FFF7FEFF 		bl	UART_UartPutString
 342:.\main.c      ****         LED2_Write(1);
 820              		.loc 1 342 0
 821 0060 0120     		mov	r0, #1
 822 0062 FFF7FEFF 		bl	LED2_Write
 823              	.L40:
 343:.\main.c      ****     }
 344:.\main.c      ****     
 345:.\main.c      ****     if (curPos > 40)
 824              		.loc 1 345 0
 825 0066 BB1D     		add	r3, r7, #6
 826 0068 1B88     		ldrh	r3, [r3]
 827 006a 282B     		cmp	r3, #40
 828 006c 06D9     		bls	.L41
 346:.\main.c      ****     {
 347:.\main.c      ****         UART_UartPutString("in UpdateLeds :: range >40\n");
ARM GAS  C:\Users\lovelesh\AppData\Local\Temp\ccc8qeOx.s 			page 23


 829              		.loc 1 347 0
 830 006e 134B     		ldr	r3, .L44+12
 831 0070 181C     		mov	r0, r3
 832 0072 FFF7FEFF 		bl	UART_UartPutString
 348:.\main.c      ****         LED3_Write(1);
 833              		.loc 1 348 0
 834 0076 0120     		mov	r0, #1
 835 0078 FFF7FEFF 		bl	LED3_Write
 836              	.L41:
 349:.\main.c      ****     }
 350:.\main.c      ****     
 351:.\main.c      ****     if (curPos > 60)
 837              		.loc 1 351 0
 838 007c BB1D     		add	r3, r7, #6
 839 007e 1B88     		ldrh	r3, [r3]
 840 0080 3C2B     		cmp	r3, #60
 841 0082 06D9     		bls	.L42
 352:.\main.c      ****     {
 353:.\main.c      ****         UART_UartPutString("in UpdateLeds :: range > 60\n");
 842              		.loc 1 353 0
 843 0084 0E4B     		ldr	r3, .L44+16
 844 0086 181C     		mov	r0, r3
 845 0088 FFF7FEFF 		bl	UART_UartPutString
 354:.\main.c      ****         LED4_Write(1);
 846              		.loc 1 354 0
 847 008c 0120     		mov	r0, #1
 848 008e FFF7FEFF 		bl	LED4_Write
 849              	.L42:
 355:.\main.c      ****     }
 356:.\main.c      ****     
 357:.\main.c      ****     if (curPos > 80)
 850              		.loc 1 357 0
 851 0092 BB1D     		add	r3, r7, #6
 852 0094 1B88     		ldrh	r3, [r3]
 853 0096 502B     		cmp	r3, #80
 854 0098 06D9     		bls	.L37
 358:.\main.c      ****     {
 359:.\main.c      ****         UART_UartPutString("in UpdateLeds :: range > 80\n");
 855              		.loc 1 359 0
 856 009a 0A4B     		ldr	r3, .L44+20
 857 009c 181C     		mov	r0, r3
 858 009e FFF7FEFF 		bl	UART_UartPutString
 360:.\main.c      ****         LED5_Write(1);
 859              		.loc 1 360 0
 860 00a2 0120     		mov	r0, #1
 861 00a4 FFF7FEFF 		bl	LED5_Write
 862              	.L37:
 361:.\main.c      ****     }
 362:.\main.c      **** }
 863              		.loc 1 362 0
 864 00a8 BD46     		mov	sp, r7
 865 00aa 02B0     		add	sp, sp, #8
 866              		@ sp needed
 867 00ac 80BD     		pop	{r7, pc}
 868              	.L45:
 869 00ae C046     		.align	2
 870              	.L44:
ARM GAS  C:\Users\lovelesh\AppData\Local\Temp\ccc8qeOx.s 			page 24


 871 00b0 CC010000 		.word	.LC39
 872 00b4 DC010000 		.word	.LC41
 873 00b8 FC010000 		.word	.LC43
 874 00bc 18020000 		.word	.LC45
 875 00c0 34020000 		.word	.LC47
 876 00c4 54020000 		.word	.LC49
 877              		.cfi_endproc
 878              	.LFE38:
 879              		.size	UpdateLeds, .-UpdateLeds
 880              		.bss
 881              	flag.5998:
 882 0000 00       		.space	1
 883              		.text
 884              	.Letext0:
 885              		.file 2 "Generated_Source\\PSoC4/cytypes.h"
 886              		.section	.debug_info,"",%progbits
 887              	.Ldebug_info0:
 888 0000 30020000 		.4byte	0x230
 889 0004 0400     		.2byte	0x4
 890 0006 00000000 		.4byte	.Ldebug_abbrev0
 891 000a 04       		.byte	0x4
 892 000b 01       		.uleb128 0x1
 893 000c C8000000 		.4byte	.LASF30
 894 0010 01       		.byte	0x1
 895 0011 8C000000 		.4byte	.LASF31
 896 0015 B8010000 		.4byte	.LASF32
 897 0019 00000000 		.4byte	.Ldebug_ranges0+0
 898 001d 00000000 		.4byte	0
 899 0021 00000000 		.4byte	.Ldebug_line0
 900 0025 02       		.uleb128 0x2
 901 0026 01       		.byte	0x1
 902 0027 06       		.byte	0x6
 903 0028 0F020000 		.4byte	.LASF0
 904 002c 02       		.uleb128 0x2
 905 002d 01       		.byte	0x1
 906 002e 08       		.byte	0x8
 907 002f 2B000000 		.4byte	.LASF1
 908 0033 02       		.uleb128 0x2
 909 0034 02       		.byte	0x2
 910 0035 05       		.byte	0x5
 911 0036 EB010000 		.4byte	.LASF2
 912 003a 02       		.uleb128 0x2
 913 003b 02       		.byte	0x2
 914 003c 07       		.byte	0x7
 915 003d 68000000 		.4byte	.LASF3
 916 0041 02       		.uleb128 0x2
 917 0042 04       		.byte	0x4
 918 0043 05       		.byte	0x5
 919 0044 06020000 		.4byte	.LASF4
 920 0048 02       		.uleb128 0x2
 921 0049 04       		.byte	0x4
 922 004a 07       		.byte	0x7
 923 004b 56000000 		.4byte	.LASF5
 924 004f 02       		.uleb128 0x2
 925 0050 08       		.byte	0x8
 926 0051 05       		.byte	0x5
 927 0052 A5010000 		.4byte	.LASF6
ARM GAS  C:\Users\lovelesh\AppData\Local\Temp\ccc8qeOx.s 			page 25


 928 0056 02       		.uleb128 0x2
 929 0057 08       		.byte	0x8
 930 0058 07       		.byte	0x7
 931 0059 76010000 		.4byte	.LASF7
 932 005d 03       		.uleb128 0x3
 933 005e 04       		.byte	0x4
 934 005f 05       		.byte	0x5
 935 0060 696E7400 		.ascii	"int\000"
 936 0064 02       		.uleb128 0x2
 937 0065 04       		.byte	0x4
 938 0066 07       		.byte	0x7
 939 0067 69010000 		.4byte	.LASF8
 940 006b 04       		.uleb128 0x4
 941 006c 00020000 		.4byte	.LASF9
 942 0070 02       		.byte	0x2
 943 0071 3801     		.2byte	0x138
 944 0073 2C000000 		.4byte	0x2c
 945 0077 04       		.uleb128 0x4
 946 0078 56010000 		.4byte	.LASF10
 947 007c 02       		.byte	0x2
 948 007d 3901     		.2byte	0x139
 949 007f 3A000000 		.4byte	0x3a
 950 0083 04       		.uleb128 0x4
 951 0084 5D010000 		.4byte	.LASF11
 952 0088 02       		.byte	0x2
 953 0089 3A01     		.2byte	0x13a
 954 008b 48000000 		.4byte	0x48
 955 008f 02       		.uleb128 0x2
 956 0090 04       		.byte	0x4
 957 0091 04       		.byte	0x4
 958 0092 20000000 		.4byte	.LASF12
 959 0096 02       		.uleb128 0x2
 960 0097 08       		.byte	0x8
 961 0098 04       		.byte	0x4
 962 0099 95000000 		.4byte	.LASF13
 963 009d 02       		.uleb128 0x2
 964 009e 01       		.byte	0x1
 965 009f 08       		.byte	0x8
 966 00a0 B3010000 		.4byte	.LASF14
 967 00a4 02       		.uleb128 0x2
 968 00a5 04       		.byte	0x4
 969 00a6 07       		.byte	0x7
 970 00a7 9C010000 		.4byte	.LASF15
 971 00ab 05       		.uleb128 0x5
 972 00ac 00000000 		.4byte	.LASF33
 973 00b0 08       		.byte	0x8
 974 00b1 01       		.byte	0x1
 975 00b2 2A       		.byte	0x2a
 976 00b3 D0000000 		.4byte	0xd0
 977 00b7 06       		.uleb128 0x6
 978 00b8 706F7300 		.ascii	"pos\000"
 979 00bc 01       		.byte	0x1
 980 00bd 2B       		.byte	0x2b
 981 00be 5D000000 		.4byte	0x5d
 982 00c2 00       		.byte	0
 983 00c3 07       		.uleb128 0x7
 984 00c4 11000000 		.4byte	.LASF16
ARM GAS  C:\Users\lovelesh\AppData\Local\Temp\ccc8qeOx.s 			page 26


 985 00c8 01       		.byte	0x1
 986 00c9 2C       		.byte	0x2c
 987 00ca 5D000000 		.4byte	0x5d
 988 00ce 04       		.byte	0x4
 989 00cf 00       		.byte	0
 990 00d0 08       		.uleb128 0x8
 991 00d1 C3000000 		.4byte	.LASF19
 992 00d5 01       		.byte	0x1
 993 00d6 40       		.byte	0x40
 994 00d7 5D000000 		.4byte	0x5d
 995 00db 00000000 		.4byte	.LFB34
 996 00df D8000000 		.4byte	.LFE34-.LFB34
 997 00e3 01       		.uleb128 0x1
 998 00e4 9C       		.byte	0x9c
 999 00e5 F8000000 		.4byte	0xf8
 1000 00e9 09       		.uleb128 0x9
 1001 00ea 19000000 		.4byte	.LASF18
 1002 00ee 01       		.byte	0x1
 1003 00ef 42       		.byte	0x42
 1004 00f0 6B000000 		.4byte	0x6b
 1005 00f4 02       		.uleb128 0x2
 1006 00f5 91       		.byte	0x91
 1007 00f6 6F       		.sleb128 -17
 1008 00f7 00       		.byte	0
 1009 00f8 0A       		.uleb128 0xa
 1010 00f9 9C000000 		.4byte	.LASF34
 1011 00fd 01       		.byte	0x1
 1012 00fe 9B       		.byte	0x9b
 1013 00ff 00000000 		.4byte	.LFB35
 1014 0103 BC010000 		.4byte	.LFE35-.LFB35
 1015 0107 01       		.uleb128 0x1
 1016 0108 9C       		.byte	0x9c
 1017 0109 0B       		.uleb128 0xb
 1018 010a 39000000 		.4byte	.LASF35
 1019 010e 01       		.byte	0x1
 1020 010f FE       		.byte	0xfe
 1021 0110 6B000000 		.4byte	0x6b
 1022 0114 00000000 		.4byte	.LFB36
 1023 0118 18010000 		.4byte	.LFE36-.LFB36
 1024 011c 01       		.uleb128 0x1
 1025 011d 9C       		.byte	0x9c
 1026 011e 4E010000 		.4byte	0x14e
 1027 0122 0C       		.uleb128 0xc
 1028 0123 636D6400 		.ascii	"cmd\000"
 1029 0127 01       		.byte	0x1
 1030 0128 FE       		.byte	0xfe
 1031 0129 83000000 		.4byte	0x83
 1032 012d 02       		.uleb128 0x2
 1033 012e 91       		.byte	0x91
 1034 012f 6C       		.sleb128 -20
 1035 0130 0D       		.uleb128 0xd
 1036 0131 0B000000 		.4byte	.LASF17
 1037 0135 01       		.byte	0x1
 1038 0136 FE       		.byte	0xfe
 1039 0137 83000000 		.4byte	0x83
 1040 013b 02       		.uleb128 0x2
 1041 013c 91       		.byte	0x91
ARM GAS  C:\Users\lovelesh\AppData\Local\Temp\ccc8qeOx.s 			page 27


 1042 013d 68       		.sleb128 -24
 1043 013e 0E       		.uleb128 0xe
 1044 013f 19000000 		.4byte	.LASF18
 1045 0143 01       		.byte	0x1
 1046 0144 0101     		.2byte	0x101
 1047 0146 6B000000 		.4byte	0x6b
 1048 014a 02       		.uleb128 0x2
 1049 014b 91       		.byte	0x91
 1050 014c 77       		.sleb128 -9
 1051 014d 00       		.byte	0
 1052 014e 0F       		.uleb128 0xf
 1053 014f B2000000 		.4byte	.LASF20
 1054 0153 01       		.byte	0x1
 1055 0154 2F01     		.2byte	0x12f
 1056 0156 00000000 		.4byte	.LFB37
 1057 015a 6C000000 		.4byte	.LFE37-.LFB37
 1058 015e 01       		.uleb128 0x1
 1059 015f 9C       		.byte	0x9c
 1060 0160 86010000 		.4byte	0x186
 1061 0164 10       		.uleb128 0x10
 1062 0165 7B000000 		.4byte	.LASF21
 1063 0169 01       		.byte	0x1
 1064 016a 2F01     		.2byte	0x12f
 1065 016c 77000000 		.4byte	0x77
 1066 0170 02       		.uleb128 0x2
 1067 0171 91       		.byte	0x91
 1068 0172 76       		.sleb128 -10
 1069 0173 0E       		.uleb128 0xe
 1070 0174 64010000 		.4byte	.LASF22
 1071 0178 01       		.byte	0x1
 1072 0179 3501     		.2byte	0x135
 1073 017b 6B000000 		.4byte	0x6b
 1074 017f 05       		.uleb128 0x5
 1075 0180 03       		.byte	0x3
 1076 0181 00000000 		.4byte	flag.5998
 1077 0185 00       		.byte	0
 1078 0186 0F       		.uleb128 0xf
 1079 0187 F5010000 		.4byte	.LASF23
 1080 018b 01       		.byte	0x1
 1081 018c 4301     		.2byte	0x143
 1082 018e 00000000 		.4byte	.LFB38
 1083 0192 C8000000 		.4byte	.LFE38-.LFB38
 1084 0196 01       		.uleb128 0x1
 1085 0197 9C       		.byte	0x9c
 1086 0198 AC010000 		.4byte	0x1ac
 1087 019c 10       		.uleb128 0x10
 1088 019d 7B000000 		.4byte	.LASF21
 1089 01a1 01       		.byte	0x1
 1090 01a2 4301     		.2byte	0x143
 1091 01a4 77000000 		.4byte	0x77
 1092 01a8 02       		.uleb128 0x2
 1093 01a9 91       		.byte	0x91
 1094 01aa 76       		.sleb128 -10
 1095 01ab 00       		.byte	0
 1096 01ac 11       		.uleb128 0x11
 1097 01ad 7B000000 		.4byte	.LASF21
 1098 01b1 01       		.byte	0x1
ARM GAS  C:\Users\lovelesh\AppData\Local\Temp\ccc8qeOx.s 			page 28


 1099 01b2 21       		.byte	0x21
 1100 01b3 77000000 		.4byte	0x77
 1101 01b7 05       		.uleb128 0x5
 1102 01b8 03       		.byte	0x3
 1103 01b9 00000000 		.4byte	curPos
 1104 01bd 11       		.uleb128 0x11
 1105 01be 1B020000 		.4byte	.LASF24
 1106 01c2 01       		.byte	0x1
 1107 01c3 21       		.byte	0x21
 1108 01c4 77000000 		.4byte	0x77
 1109 01c8 05       		.uleb128 0x5
 1110 01c9 03       		.byte	0x3
 1111 01ca 00000000 		.4byte	oldPos
 1112 01ce 11       		.uleb128 0x11
 1113 01cf 82000000 		.4byte	.LASF25
 1114 01d3 01       		.byte	0x1
 1115 01d4 21       		.byte	0x21
 1116 01d5 77000000 		.4byte	0x77
 1117 01d9 05       		.uleb128 0x5
 1118 01da 03       		.byte	0x3
 1119 01db 00000000 		.4byte	but0
 1120 01df 11       		.uleb128 0x11
 1121 01e0 87000000 		.4byte	.LASF26
 1122 01e4 01       		.byte	0x1
 1123 01e5 21       		.byte	0x21
 1124 01e6 77000000 		.4byte	0x77
 1125 01ea 05       		.uleb128 0x5
 1126 01eb 03       		.byte	0x3
 1127 01ec 00000000 		.4byte	but1
 1128 01f0 12       		.uleb128 0x12
 1129 01f1 6B000000 		.4byte	0x6b
 1130 01f5 00020000 		.4byte	0x200
 1131 01f9 13       		.uleb128 0x13
 1132 01fa A4000000 		.4byte	0xa4
 1133 01fe 01       		.byte	0x1
 1134 01ff 00       		.byte	0
 1135 0200 11       		.uleb128 0x11
 1136 0201 48000000 		.4byte	.LASF27
 1137 0205 01       		.byte	0x1
 1138 0206 25       		.byte	0x25
 1139 0207 F0010000 		.4byte	0x1f0
 1140 020b 05       		.uleb128 0x5
 1141 020c 03       		.byte	0x3
 1142 020d 00000000 		.4byte	i2cReadBuffer
 1143 0211 11       		.uleb128 0x11
 1144 0212 8D010000 		.4byte	.LASF28
 1145 0216 01       		.byte	0x1
 1146 0217 26       		.byte	0x26
 1147 0218 F0010000 		.4byte	0x1f0
 1148 021c 05       		.uleb128 0x5
 1149 021d 03       		.byte	0x3
 1150 021e 00000000 		.4byte	i2cWriteBuffer
 1151 0222 11       		.uleb128 0x11
 1152 0223 26000000 		.4byte	.LASF29
 1153 0227 01       		.byte	0x1
 1154 0228 2F       		.byte	0x2f
 1155 0229 AB000000 		.4byte	0xab
ARM GAS  C:\Users\lovelesh\AppData\Local\Temp\ccc8qeOx.s 			page 29


 1156 022d 05       		.uleb128 0x5
 1157 022e 03       		.byte	0x3
 1158 022f 00000000 		.4byte	data
 1159 0233 00       		.byte	0
 1160              		.section	.debug_abbrev,"",%progbits
 1161              	.Ldebug_abbrev0:
 1162 0000 01       		.uleb128 0x1
 1163 0001 11       		.uleb128 0x11
 1164 0002 01       		.byte	0x1
 1165 0003 25       		.uleb128 0x25
 1166 0004 0E       		.uleb128 0xe
 1167 0005 13       		.uleb128 0x13
 1168 0006 0B       		.uleb128 0xb
 1169 0007 03       		.uleb128 0x3
 1170 0008 0E       		.uleb128 0xe
 1171 0009 1B       		.uleb128 0x1b
 1172 000a 0E       		.uleb128 0xe
 1173 000b 55       		.uleb128 0x55
 1174 000c 17       		.uleb128 0x17
 1175 000d 11       		.uleb128 0x11
 1176 000e 01       		.uleb128 0x1
 1177 000f 10       		.uleb128 0x10
 1178 0010 17       		.uleb128 0x17
 1179 0011 00       		.byte	0
 1180 0012 00       		.byte	0
 1181 0013 02       		.uleb128 0x2
 1182 0014 24       		.uleb128 0x24
 1183 0015 00       		.byte	0
 1184 0016 0B       		.uleb128 0xb
 1185 0017 0B       		.uleb128 0xb
 1186 0018 3E       		.uleb128 0x3e
 1187 0019 0B       		.uleb128 0xb
 1188 001a 03       		.uleb128 0x3
 1189 001b 0E       		.uleb128 0xe
 1190 001c 00       		.byte	0
 1191 001d 00       		.byte	0
 1192 001e 03       		.uleb128 0x3
 1193 001f 24       		.uleb128 0x24
 1194 0020 00       		.byte	0
 1195 0021 0B       		.uleb128 0xb
 1196 0022 0B       		.uleb128 0xb
 1197 0023 3E       		.uleb128 0x3e
 1198 0024 0B       		.uleb128 0xb
 1199 0025 03       		.uleb128 0x3
 1200 0026 08       		.uleb128 0x8
 1201 0027 00       		.byte	0
 1202 0028 00       		.byte	0
 1203 0029 04       		.uleb128 0x4
 1204 002a 16       		.uleb128 0x16
 1205 002b 00       		.byte	0
 1206 002c 03       		.uleb128 0x3
 1207 002d 0E       		.uleb128 0xe
 1208 002e 3A       		.uleb128 0x3a
 1209 002f 0B       		.uleb128 0xb
 1210 0030 3B       		.uleb128 0x3b
 1211 0031 05       		.uleb128 0x5
 1212 0032 49       		.uleb128 0x49
ARM GAS  C:\Users\lovelesh\AppData\Local\Temp\ccc8qeOx.s 			page 30


 1213 0033 13       		.uleb128 0x13
 1214 0034 00       		.byte	0
 1215 0035 00       		.byte	0
 1216 0036 05       		.uleb128 0x5
 1217 0037 13       		.uleb128 0x13
 1218 0038 01       		.byte	0x1
 1219 0039 03       		.uleb128 0x3
 1220 003a 0E       		.uleb128 0xe
 1221 003b 0B       		.uleb128 0xb
 1222 003c 0B       		.uleb128 0xb
 1223 003d 3A       		.uleb128 0x3a
 1224 003e 0B       		.uleb128 0xb
 1225 003f 3B       		.uleb128 0x3b
 1226 0040 0B       		.uleb128 0xb
 1227 0041 01       		.uleb128 0x1
 1228 0042 13       		.uleb128 0x13
 1229 0043 00       		.byte	0
 1230 0044 00       		.byte	0
 1231 0045 06       		.uleb128 0x6
 1232 0046 0D       		.uleb128 0xd
 1233 0047 00       		.byte	0
 1234 0048 03       		.uleb128 0x3
 1235 0049 08       		.uleb128 0x8
 1236 004a 3A       		.uleb128 0x3a
 1237 004b 0B       		.uleb128 0xb
 1238 004c 3B       		.uleb128 0x3b
 1239 004d 0B       		.uleb128 0xb
 1240 004e 49       		.uleb128 0x49
 1241 004f 13       		.uleb128 0x13
 1242 0050 38       		.uleb128 0x38
 1243 0051 0B       		.uleb128 0xb
 1244 0052 00       		.byte	0
 1245 0053 00       		.byte	0
 1246 0054 07       		.uleb128 0x7
 1247 0055 0D       		.uleb128 0xd
 1248 0056 00       		.byte	0
 1249 0057 03       		.uleb128 0x3
 1250 0058 0E       		.uleb128 0xe
 1251 0059 3A       		.uleb128 0x3a
 1252 005a 0B       		.uleb128 0xb
 1253 005b 3B       		.uleb128 0x3b
 1254 005c 0B       		.uleb128 0xb
 1255 005d 49       		.uleb128 0x49
 1256 005e 13       		.uleb128 0x13
 1257 005f 38       		.uleb128 0x38
 1258 0060 0B       		.uleb128 0xb
 1259 0061 00       		.byte	0
 1260 0062 00       		.byte	0
 1261 0063 08       		.uleb128 0x8
 1262 0064 2E       		.uleb128 0x2e
 1263 0065 01       		.byte	0x1
 1264 0066 3F       		.uleb128 0x3f
 1265 0067 19       		.uleb128 0x19
 1266 0068 03       		.uleb128 0x3
 1267 0069 0E       		.uleb128 0xe
 1268 006a 3A       		.uleb128 0x3a
 1269 006b 0B       		.uleb128 0xb
ARM GAS  C:\Users\lovelesh\AppData\Local\Temp\ccc8qeOx.s 			page 31


 1270 006c 3B       		.uleb128 0x3b
 1271 006d 0B       		.uleb128 0xb
 1272 006e 49       		.uleb128 0x49
 1273 006f 13       		.uleb128 0x13
 1274 0070 11       		.uleb128 0x11
 1275 0071 01       		.uleb128 0x1
 1276 0072 12       		.uleb128 0x12
 1277 0073 06       		.uleb128 0x6
 1278 0074 40       		.uleb128 0x40
 1279 0075 18       		.uleb128 0x18
 1280 0076 9642     		.uleb128 0x2116
 1281 0078 19       		.uleb128 0x19
 1282 0079 01       		.uleb128 0x1
 1283 007a 13       		.uleb128 0x13
 1284 007b 00       		.byte	0
 1285 007c 00       		.byte	0
 1286 007d 09       		.uleb128 0x9
 1287 007e 34       		.uleb128 0x34
 1288 007f 00       		.byte	0
 1289 0080 03       		.uleb128 0x3
 1290 0081 0E       		.uleb128 0xe
 1291 0082 3A       		.uleb128 0x3a
 1292 0083 0B       		.uleb128 0xb
 1293 0084 3B       		.uleb128 0x3b
 1294 0085 0B       		.uleb128 0xb
 1295 0086 49       		.uleb128 0x49
 1296 0087 13       		.uleb128 0x13
 1297 0088 02       		.uleb128 0x2
 1298 0089 18       		.uleb128 0x18
 1299 008a 00       		.byte	0
 1300 008b 00       		.byte	0
 1301 008c 0A       		.uleb128 0xa
 1302 008d 2E       		.uleb128 0x2e
 1303 008e 00       		.byte	0
 1304 008f 3F       		.uleb128 0x3f
 1305 0090 19       		.uleb128 0x19
 1306 0091 03       		.uleb128 0x3
 1307 0092 0E       		.uleb128 0xe
 1308 0093 3A       		.uleb128 0x3a
 1309 0094 0B       		.uleb128 0xb
 1310 0095 3B       		.uleb128 0x3b
 1311 0096 0B       		.uleb128 0xb
 1312 0097 27       		.uleb128 0x27
 1313 0098 19       		.uleb128 0x19
 1314 0099 11       		.uleb128 0x11
 1315 009a 01       		.uleb128 0x1
 1316 009b 12       		.uleb128 0x12
 1317 009c 06       		.uleb128 0x6
 1318 009d 40       		.uleb128 0x40
 1319 009e 18       		.uleb128 0x18
 1320 009f 9642     		.uleb128 0x2116
 1321 00a1 19       		.uleb128 0x19
 1322 00a2 00       		.byte	0
 1323 00a3 00       		.byte	0
 1324 00a4 0B       		.uleb128 0xb
 1325 00a5 2E       		.uleb128 0x2e
 1326 00a6 01       		.byte	0x1
ARM GAS  C:\Users\lovelesh\AppData\Local\Temp\ccc8qeOx.s 			page 32


 1327 00a7 3F       		.uleb128 0x3f
 1328 00a8 19       		.uleb128 0x19
 1329 00a9 03       		.uleb128 0x3
 1330 00aa 0E       		.uleb128 0xe
 1331 00ab 3A       		.uleb128 0x3a
 1332 00ac 0B       		.uleb128 0xb
 1333 00ad 3B       		.uleb128 0x3b
 1334 00ae 0B       		.uleb128 0xb
 1335 00af 27       		.uleb128 0x27
 1336 00b0 19       		.uleb128 0x19
 1337 00b1 49       		.uleb128 0x49
 1338 00b2 13       		.uleb128 0x13
 1339 00b3 11       		.uleb128 0x11
 1340 00b4 01       		.uleb128 0x1
 1341 00b5 12       		.uleb128 0x12
 1342 00b6 06       		.uleb128 0x6
 1343 00b7 40       		.uleb128 0x40
 1344 00b8 18       		.uleb128 0x18
 1345 00b9 9642     		.uleb128 0x2116
 1346 00bb 19       		.uleb128 0x19
 1347 00bc 01       		.uleb128 0x1
 1348 00bd 13       		.uleb128 0x13
 1349 00be 00       		.byte	0
 1350 00bf 00       		.byte	0
 1351 00c0 0C       		.uleb128 0xc
 1352 00c1 05       		.uleb128 0x5
 1353 00c2 00       		.byte	0
 1354 00c3 03       		.uleb128 0x3
 1355 00c4 08       		.uleb128 0x8
 1356 00c5 3A       		.uleb128 0x3a
 1357 00c6 0B       		.uleb128 0xb
 1358 00c7 3B       		.uleb128 0x3b
 1359 00c8 0B       		.uleb128 0xb
 1360 00c9 49       		.uleb128 0x49
 1361 00ca 13       		.uleb128 0x13
 1362 00cb 02       		.uleb128 0x2
 1363 00cc 18       		.uleb128 0x18
 1364 00cd 00       		.byte	0
 1365 00ce 00       		.byte	0
 1366 00cf 0D       		.uleb128 0xd
 1367 00d0 05       		.uleb128 0x5
 1368 00d1 00       		.byte	0
 1369 00d2 03       		.uleb128 0x3
 1370 00d3 0E       		.uleb128 0xe
 1371 00d4 3A       		.uleb128 0x3a
 1372 00d5 0B       		.uleb128 0xb
 1373 00d6 3B       		.uleb128 0x3b
 1374 00d7 0B       		.uleb128 0xb
 1375 00d8 49       		.uleb128 0x49
 1376 00d9 13       		.uleb128 0x13
 1377 00da 02       		.uleb128 0x2
 1378 00db 18       		.uleb128 0x18
 1379 00dc 00       		.byte	0
 1380 00dd 00       		.byte	0
 1381 00de 0E       		.uleb128 0xe
 1382 00df 34       		.uleb128 0x34
 1383 00e0 00       		.byte	0
ARM GAS  C:\Users\lovelesh\AppData\Local\Temp\ccc8qeOx.s 			page 33


 1384 00e1 03       		.uleb128 0x3
 1385 00e2 0E       		.uleb128 0xe
 1386 00e3 3A       		.uleb128 0x3a
 1387 00e4 0B       		.uleb128 0xb
 1388 00e5 3B       		.uleb128 0x3b
 1389 00e6 05       		.uleb128 0x5
 1390 00e7 49       		.uleb128 0x49
 1391 00e8 13       		.uleb128 0x13
 1392 00e9 02       		.uleb128 0x2
 1393 00ea 18       		.uleb128 0x18
 1394 00eb 00       		.byte	0
 1395 00ec 00       		.byte	0
 1396 00ed 0F       		.uleb128 0xf
 1397 00ee 2E       		.uleb128 0x2e
 1398 00ef 01       		.byte	0x1
 1399 00f0 3F       		.uleb128 0x3f
 1400 00f1 19       		.uleb128 0x19
 1401 00f2 03       		.uleb128 0x3
 1402 00f3 0E       		.uleb128 0xe
 1403 00f4 3A       		.uleb128 0x3a
 1404 00f5 0B       		.uleb128 0xb
 1405 00f6 3B       		.uleb128 0x3b
 1406 00f7 05       		.uleb128 0x5
 1407 00f8 27       		.uleb128 0x27
 1408 00f9 19       		.uleb128 0x19
 1409 00fa 11       		.uleb128 0x11
 1410 00fb 01       		.uleb128 0x1
 1411 00fc 12       		.uleb128 0x12
 1412 00fd 06       		.uleb128 0x6
 1413 00fe 40       		.uleb128 0x40
 1414 00ff 18       		.uleb128 0x18
 1415 0100 9642     		.uleb128 0x2116
 1416 0102 19       		.uleb128 0x19
 1417 0103 01       		.uleb128 0x1
 1418 0104 13       		.uleb128 0x13
 1419 0105 00       		.byte	0
 1420 0106 00       		.byte	0
 1421 0107 10       		.uleb128 0x10
 1422 0108 05       		.uleb128 0x5
 1423 0109 00       		.byte	0
 1424 010a 03       		.uleb128 0x3
 1425 010b 0E       		.uleb128 0xe
 1426 010c 3A       		.uleb128 0x3a
 1427 010d 0B       		.uleb128 0xb
 1428 010e 3B       		.uleb128 0x3b
 1429 010f 05       		.uleb128 0x5
 1430 0110 49       		.uleb128 0x49
 1431 0111 13       		.uleb128 0x13
 1432 0112 02       		.uleb128 0x2
 1433 0113 18       		.uleb128 0x18
 1434 0114 00       		.byte	0
 1435 0115 00       		.byte	0
 1436 0116 11       		.uleb128 0x11
 1437 0117 34       		.uleb128 0x34
 1438 0118 00       		.byte	0
 1439 0119 03       		.uleb128 0x3
 1440 011a 0E       		.uleb128 0xe
ARM GAS  C:\Users\lovelesh\AppData\Local\Temp\ccc8qeOx.s 			page 34


 1441 011b 3A       		.uleb128 0x3a
 1442 011c 0B       		.uleb128 0xb
 1443 011d 3B       		.uleb128 0x3b
 1444 011e 0B       		.uleb128 0xb
 1445 011f 49       		.uleb128 0x49
 1446 0120 13       		.uleb128 0x13
 1447 0121 3F       		.uleb128 0x3f
 1448 0122 19       		.uleb128 0x19
 1449 0123 02       		.uleb128 0x2
 1450 0124 18       		.uleb128 0x18
 1451 0125 00       		.byte	0
 1452 0126 00       		.byte	0
 1453 0127 12       		.uleb128 0x12
 1454 0128 01       		.uleb128 0x1
 1455 0129 01       		.byte	0x1
 1456 012a 49       		.uleb128 0x49
 1457 012b 13       		.uleb128 0x13
 1458 012c 01       		.uleb128 0x1
 1459 012d 13       		.uleb128 0x13
 1460 012e 00       		.byte	0
 1461 012f 00       		.byte	0
 1462 0130 13       		.uleb128 0x13
 1463 0131 21       		.uleb128 0x21
 1464 0132 00       		.byte	0
 1465 0133 49       		.uleb128 0x49
 1466 0134 13       		.uleb128 0x13
 1467 0135 2F       		.uleb128 0x2f
 1468 0136 0B       		.uleb128 0xb
 1469 0137 00       		.byte	0
 1470 0138 00       		.byte	0
 1471 0139 00       		.byte	0
 1472              		.section	.debug_aranges,"",%progbits
 1473 0000 3C000000 		.4byte	0x3c
 1474 0004 0200     		.2byte	0x2
 1475 0006 00000000 		.4byte	.Ldebug_info0
 1476 000a 04       		.byte	0x4
 1477 000b 00       		.byte	0
 1478 000c 0000     		.2byte	0
 1479 000e 0000     		.2byte	0
 1480 0010 00000000 		.4byte	.LFB34
 1481 0014 D8000000 		.4byte	.LFE34-.LFB34
 1482 0018 00000000 		.4byte	.LFB35
 1483 001c BC010000 		.4byte	.LFE35-.LFB35
 1484 0020 00000000 		.4byte	.LFB36
 1485 0024 18010000 		.4byte	.LFE36-.LFB36
 1486 0028 00000000 		.4byte	.LFB37
 1487 002c 6C000000 		.4byte	.LFE37-.LFB37
 1488 0030 00000000 		.4byte	.LFB38
 1489 0034 C8000000 		.4byte	.LFE38-.LFB38
 1490 0038 00000000 		.4byte	0
 1491 003c 00000000 		.4byte	0
 1492              		.section	.debug_ranges,"",%progbits
 1493              	.Ldebug_ranges0:
 1494 0000 00000000 		.4byte	.LFB34
 1495 0004 D8000000 		.4byte	.LFE34
 1496 0008 00000000 		.4byte	.LFB35
 1497 000c BC010000 		.4byte	.LFE35
ARM GAS  C:\Users\lovelesh\AppData\Local\Temp\ccc8qeOx.s 			page 35


 1498 0010 00000000 		.4byte	.LFB36
 1499 0014 18010000 		.4byte	.LFE36
 1500 0018 00000000 		.4byte	.LFB37
 1501 001c 6C000000 		.4byte	.LFE37
 1502 0020 00000000 		.4byte	.LFB38
 1503 0024 C8000000 		.4byte	.LFE38
 1504 0028 00000000 		.4byte	0
 1505 002c 00000000 		.4byte	0
 1506              		.section	.debug_line,"",%progbits
 1507              	.Ldebug_line0:
 1508 0000 34010000 		.section	.debug_str,"MS",%progbits,1
 1508      02004300 
 1508      00000201 
 1508      FB0E0D00 
 1508      01010101 
 1509              	.LASF33:
 1510 0000 6D617374 		.ascii	"masterData\000"
 1510      65724461 
 1510      746100
 1511              	.LASF17:
 1512 000b 76616C75 		.ascii	"value\000"
 1512      6500
 1513              	.LASF16:
 1514 0011 706F7344 		.ascii	"posData\000"
 1514      61746100 
 1515              	.LASF18:
 1516 0019 73746174 		.ascii	"status\000"
 1516      757300
 1517              	.LASF12:
 1518 0020 666C6F61 		.ascii	"float\000"
 1518      7400
 1519              	.LASF29:
 1520 0026 64617461 		.ascii	"data\000"
 1520      00
 1521              	.LASF1:
 1522 002b 756E7369 		.ascii	"unsigned char\000"
 1522      676E6564 
 1522      20636861 
 1522      7200
 1523              	.LASF35:
 1524 0039 45786563 		.ascii	"ExecuteCommand\000"
 1524      75746543 
 1524      6F6D6D61 
 1524      6E6400
 1525              	.LASF27:
 1526 0048 69326352 		.ascii	"i2cReadBuffer\000"
 1526      65616442 
 1526      75666665 
 1526      7200
 1527              	.LASF5:
 1528 0056 6C6F6E67 		.ascii	"long unsigned int\000"
 1528      20756E73 
 1528      69676E65 
 1528      6420696E 
 1528      7400
 1529              	.LASF3:
 1530 0068 73686F72 		.ascii	"short unsigned int\000"
ARM GAS  C:\Users\lovelesh\AppData\Local\Temp\ccc8qeOx.s 			page 36


 1530      7420756E 
 1530      7369676E 
 1530      65642069 
 1530      6E7400
 1531              	.LASF21:
 1532 007b 63757250 		.ascii	"curPos\000"
 1532      6F7300
 1533              	.LASF25:
 1534 0082 62757430 		.ascii	"but0\000"
 1534      00
 1535              	.LASF26:
 1536 0087 62757431 		.ascii	"but1\000"
 1536      00
 1537              	.LASF31:
 1538 008c 2E5C6D61 		.ascii	".\\main.c\000"
 1538      696E2E63 
 1538      00
 1539              	.LASF13:
 1540 0095 646F7562 		.ascii	"double\000"
 1540      6C6500
 1541              	.LASF34:
 1542 009c 43617053 		.ascii	"CapSense_DisplayState\000"
 1542      656E7365 
 1542      5F446973 
 1542      706C6179 
 1542      53746174 
 1543              	.LASF20:
 1544 00b2 55706461 		.ascii	"UpdateSwitchLeds\000"
 1544      74655377 
 1544      69746368 
 1544      4C656473 
 1544      00
 1545              	.LASF19:
 1546 00c3 6D61696E 		.ascii	"main\000"
 1546      00
 1547              	.LASF30:
 1548 00c8 474E5520 		.ascii	"GNU C 4.9.3 20150303 (release) [ARM/embedded-4_9-br"
 1548      4320342E 
 1548      392E3320 
 1548      32303135 
 1548      30333033 
 1549 00fb 616E6368 		.ascii	"anch revision 221220] -mcpu=cortex-m0 -mthumb -g -O"
 1549      20726576 
 1549      6973696F 
 1549      6E203232 
 1549      31323230 
 1550 012e 30202D66 		.ascii	"0 -ffunction-sections -ffat-lto-objects\000"
 1550      66756E63 
 1550      74696F6E 
 1550      2D736563 
 1550      74696F6E 
 1551              	.LASF10:
 1552 0156 75696E74 		.ascii	"uint16\000"
 1552      313600
 1553              	.LASF11:
 1554 015d 75696E74 		.ascii	"uint32\000"
 1554      333200
ARM GAS  C:\Users\lovelesh\AppData\Local\Temp\ccc8qeOx.s 			page 37


 1555              	.LASF22:
 1556 0164 666C6167 		.ascii	"flag\000"
 1556      00
 1557              	.LASF8:
 1558 0169 756E7369 		.ascii	"unsigned int\000"
 1558      676E6564 
 1558      20696E74 
 1558      00
 1559              	.LASF7:
 1560 0176 6C6F6E67 		.ascii	"long long unsigned int\000"
 1560      206C6F6E 
 1560      6720756E 
 1560      7369676E 
 1560      65642069 
 1561              	.LASF28:
 1562 018d 69326357 		.ascii	"i2cWriteBuffer\000"
 1562      72697465 
 1562      42756666 
 1562      657200
 1563              	.LASF15:
 1564 019c 73697A65 		.ascii	"sizetype\000"
 1564      74797065 
 1564      00
 1565              	.LASF6:
 1566 01a5 6C6F6E67 		.ascii	"long long int\000"
 1566      206C6F6E 
 1566      6720696E 
 1566      7400
 1567              	.LASF14:
 1568 01b3 63686172 		.ascii	"char\000"
 1568      00
 1569              	.LASF32:
 1570 01b8 503A5C50 		.ascii	"P:\\PSoC\\PSoC Workspace\\thingTouch\\thingTouch.cy"
 1570      536F435C 
 1570      50536F43 
 1570      20576F72 
 1570      6B737061 
 1571 01e7 64736E00 		.ascii	"dsn\000"
 1572              	.LASF2:
 1573 01eb 73686F72 		.ascii	"short int\000"
 1573      7420696E 
 1573      7400
 1574              	.LASF23:
 1575 01f5 55706461 		.ascii	"UpdateLeds\000"
 1575      74654C65 
 1575      647300
 1576              	.LASF9:
 1577 0200 75696E74 		.ascii	"uint8\000"
 1577      3800
 1578              	.LASF4:
 1579 0206 6C6F6E67 		.ascii	"long int\000"
 1579      20696E74 
 1579      00
 1580              	.LASF0:
 1581 020f 7369676E 		.ascii	"signed char\000"
 1581      65642063 
 1581      68617200 
ARM GAS  C:\Users\lovelesh\AppData\Local\Temp\ccc8qeOx.s 			page 38


 1582              	.LASF24:
 1583 021b 6F6C6450 		.ascii	"oldPos\000"
 1583      6F7300
 1584              		.ident	"GCC: (GNU Tools for ARM Embedded Processors) 4.9.3 20150303 (release) [ARM/embedded-4_9-br
