--------------- Clean Started: 02/14/2016 16:20:11 Project: CapSense_CSD_P4_Sample, Configuration: ARM GCC 4.9-2015-q1-update Debug ---------------
Deleting file ".\CortexM0\ARM_GCC_493\Debug\main.o"
Deleting file ".\CortexM0\ARM_GCC_493\Debug\cyfitter_cfg.o"
Deleting file ".\CortexM0\ARM_GCC_493\Debug\cymetadata.o"
Deleting file ".\CortexM0\ARM_GCC_493\Debug\LED_1.o"
Deleting file ".\CortexM0\ARM_GCC_493\Debug\LED_1_PM.o"
Deleting file ".\CortexM0\ARM_GCC_493\Debug\CapSense_CSD.o"
Deleting file ".\CortexM0\ARM_GCC_493\Debug\CapSense_CSD_PM.o"
Deleting file ".\CortexM0\ARM_GCC_493\Debug\CapSense_CSD_CSHL.o"
Deleting file ".\CortexM0\ARM_GCC_493\Debug\CapSense_CSD_INT.o"
Deleting file ".\CortexM0\ARM_GCC_493\Debug\CapSense_CSD_TunerHelper.o"
Deleting file ".\CortexM0\ARM_GCC_493\Debug\CapSense_CSD_SMS.o"
Deleting file ".\CortexM0\ARM_GCC_493\Debug\LED_2.o"
Deleting file ".\CortexM0\ARM_GCC_493\Debug\LED_2_PM.o"
Deleting file ".\CortexM0\ARM_GCC_493\Debug\Clock_PWM.o"
Deleting file ".\CortexM0\ARM_GCC_493\Debug\LED_CONTROL.o"
Deleting file ".\CortexM0\ARM_GCC_493\Debug\LED_CONTROL_PM.o"
Deleting file ".\CortexM0\ARM_GCC_493\Debug\CapSense_CSD_SampleClk.o"
Deleting file ".\CortexM0\ARM_GCC_493\Debug\CapSense_CSD_SenseClk.o"
Deleting file ".\CortexM0\ARM_GCC_493\Debug\Cm0Start.o"
Deleting file ".\CortexM0\ARM_GCC_493\Debug\CyBootAsmGnu.o"
Deleting file ".\CortexM0\ARM_GCC_493\Debug\CyFlash.o"
Deleting file ".\CortexM0\ARM_GCC_493\Debug\CyLib.o"
Deleting file ".\CortexM0\ARM_GCC_493\Debug\cyPm.o"
Deleting file ".\CortexM0\ARM_GCC_493\Debug\cyutils.o"
Deleting file ".\CortexM0\ARM_GCC_493\Debug\CyLFClk.o"
Deleting file ".\CortexM0\ARM_GCC_493\Debug\I2C_Slave.o"
Deleting file ".\CortexM0\ARM_GCC_493\Debug\I2C_Slave_I2C_INT.o"
Deleting file ".\CortexM0\ARM_GCC_493\Debug\I2C_Slave_I2C.o"
Deleting file ".\CortexM0\ARM_GCC_493\Debug\I2C_Slave_I2C_BOOT.o"
Deleting file ".\CortexM0\ARM_GCC_493\Debug\I2C_Slave_I2C_SLAVE.o"
Deleting file ".\CortexM0\ARM_GCC_493\Debug\I2C_Slave_PM.o"
Deleting file ".\CortexM0\ARM_GCC_493\Debug\I2C_Slave_BOOT.o"
Deleting file ".\CortexM0\ARM_GCC_493\Debug\I2C_Slave_SCBCLK.o"
Deleting file ".\CortexM0\ARM_GCC_493\Debug\I2C_Slave_sda.o"
Deleting file ".\CortexM0\ARM_GCC_493\Debug\I2C_Slave_sda_PM.o"
Deleting file ".\CortexM0\ARM_GCC_493\Debug\I2C_Slave_scl.o"
Deleting file ".\CortexM0\ARM_GCC_493\Debug\I2C_Slave_scl_PM.o"
Deleting file ".\CortexM0\ARM_GCC_493\Debug\I2C_Slave_SCB_IRQ.o"
Deleting file ".\CortexM0\ARM_GCC_493\Debug\CapSense_CSD_P4_Sample.map"
Deleting file ".\CapSense_CSD_P4_Sample.cycdx"
Deleting file ".\CapSense_CSD_P4_Sample.svd"
Deleting file ".\CapSense_CSD_P4_Sample.rpt"
Deleting file ".\CapSense_CSD_P4_Sample_timing.html"
Deleting file ".\CortexM0\ARM_GCC_493\Debug\.deps\C_FILE.P"
Deleting file ".\CortexM0\ARM_GCC_493\Debug\.deps\ARM_C_FILE.P"
Deleting file ".\CortexM0\ARM_GCC_493\Debug\.deps\GNU_ARM_ASM_FILE.P"
--------------- Clean Succeeded: 02/14/2016 16:20:12 ---------------
